#
# A fatal error has been detected by the Java Runtime Environment:
#
#  EXCEPTION_ACCESS_VIOLATION (0xc0000005) at pc=0x0000026b99761066, pid=4028, tid=816
#
# JRE version: OpenJDK Runtime Environment (22.0.2+9) (build 22.0.2+9-70)
# Java VM: OpenJDK 64-Bit Server VM (22.0.2+9-70, mixed mode, sharing, tiered, compressed oops, compressed class ptrs, g1 gc, windows-amd64)
# Problematic frame:
# C  [OpenAL64.dll+0x11066]
#
# No core dump will be written. Minidumps are not enabled by default on client versions of Windows
#
# If you would like to submit a bug report, please visit:
#   https://bugreport.java.com/bugreport/crash.jsp
# The crash happened outside the Java Virtual Machine in native code.
# See problematic frame for where to report the bug.
#

---------------  S U M M A R Y ------------

Command Line: -Djava.library.path=C:\Users\BDA022\Desktop\Astraeus\libs\natives -javaagent:D:\intellij-idea-portable\app\lib\idea_rt.jar=57947:D:\intellij-idea-portable\app\bin -Dfile.encoding=UTF-8 -Dsun.stdout.encoding=UTF-8 -Dsun.stderr.encoding=UTF-8 -agentpath:C:\Program Files\SentinelOne\Sentinel Agent 24.1.4.257\SentinelJava64.dll=extendedCapabilities engine.Main

Host: Intel(R) Core(TM) i7-9700 CPU @ 3.00GHz, 8 cores, 15G,  Windows 10 , 64 bit Build 19041 (10.0.19041.5198)
Time: Fri Jan 24 08:16:45 2025 Eastern Standard Time elapsed time: 5.775142 seconds (0d 0h 0m 5s)

---------------  T H R E A D  ---------------

Current thread (0x0000026be67bfa40):  JavaThread "main"             [_thread_in_native, id=816, stack(0x000000ff7ae00000,0x000000ff7af00000) (1024K)]

Stack: [0x000000ff7ae00000,0x000000ff7af00000],  sp=0x000000ff7aefe760,  free space=1017k
Native frames: (J=compiled Java code, j=interpreted, Vv=VM code, C=native code)
C  [OpenAL64.dll+0x11066]  (no source info available)
C  [OpenAL64.dll+0x1248f]  (no source info available)
C  0x0000026bf5ffcfc7  (no source info available)

The last pc belongs to native method entry point (kind = native) (printed below).
Java frames: (J=compiled Java code, j=interpreted, Vv=VM code)
j  org.lwjgl.openal.ALC10.nalcCreateContext(JJ)J+0
j  org.lwjgl.openal.ALC10.alcCreateContext(Lorg/lwjgl/openal/ALCdevice;Ljava/nio/IntBuffer;)Lorg/lwjgl/openal/ALCcontext;+8
j  org.lwjgl.openal.AL.init(Ljava/lang/String;IIZZ)V+69
j  org.lwjgl.openal.AL.create(Ljava/lang/String;IIZZ)V+246
j  org.lwjgl.openal.AL.create(Ljava/lang/String;IIZ)V+5
j  org.lwjgl.openal.AL.create()V+6
j  org.newdawn.slick.openal.SoundStore$1.run()Ljava/lang/Object;+0
j  java.security.AccessController.executePrivileged(Ljava/security/PrivilegedAction;Ljava/security/AccessControlContext;Ljava/lang/Class;)Ljava/lang/Object;+29 java.base@22.0.2
j  java.security.AccessController.doPrivileged(Ljava/security/PrivilegedAction;)Ljava/lang/Object;+5 java.base@22.0.2
j  org.newdawn.slick.openal.SoundStore.init()V+26
j  org.newdawn.slick.Sound.<init>(Ljava/lang/String;)V+7
j  ui.sound.sfx.PositionalSound.<init>(Ljava/lang/String;)V+2
j  ui.sound.sfx.SmartSound.load()V+62
j  ui.sound.sfx.SmartSound.<init>(Ljava/lang/String;I)V+18
j  ui.sound.Sounds.loadSFX()V+7
j  ui.sound.AudioManager.loadSFX()V+0
j  engine.states.Splash.update(Lorg/newdawn/slick/GameContainer;Lorg/newdawn/slick/state/StateBasedGame;I)V+64
j  org.newdawn.slick.state.StateBasedGame.update(Lorg/newdawn/slick/GameContainer;I)V+154
j  org.newdawn.slick.GameContainer.updateAndRender(I)V+193
j  org.newdawn.slick.AppGameContainer.gameLoop()V+33
j  org.newdawn.slick.AppGameContainer.start()V+17
j  engine.Main.main([Ljava/lang/String;)V+51
v  ~StubRoutines::call_stub 0x0000026bf5ff100d

siginfo: EXCEPTION_ACCESS_VIOLATION (0xc0000005), reading address 0x0000026c4c0b2004


Registers:
RAX=0x0000000000000004, RBX=0x0000026b99840090, RCX=0x0000026c4c0b2008, RDX=0x0000026c4c0b2004
RSP=0x000000ff7aefe760, RBP=0x00000000000000ff, RSI=0x0000026c4c0b069c, RDI=0x0000000000000000
R8 =0x000000000000065a, R9 =0x0000026c4c0b069c, R10=0x0000026bf5ffcf98, R11=0x00000007107c0178
R12=0x0000000000000001, R13=0x0000026c41625f30, R14=0x000000ff7aefe900, R15=0x0000026be67bfa40
RIP=0x0000026b99761066, EFLAGS=0x0000000000010202


Register to memory mapping:

RAX=0x0000000000000004 is an unknown value
RBX=0x0000026b99840090 points into unknown readable memory: 0x0000000100000002 | 02 00 00 00 01 00 00 00
RCX=0x0000026c4c0b2008 is an unknown value
RDX=0x0000026c4c0b2004 is an unknown value
RSP=0x000000ff7aefe760 is pointing into the stack for thread: 0x0000026be67bfa40
RBP=0x00000000000000ff is an unknown value
RSI=0x0000026c4c0b069c points into unknown readable memory: 3b 00 00 00
RDI=0x0 is null
R8 =0x000000000000065a is an unknown value
R9 =0x0000026c4c0b069c points into unknown readable memory: 3b 00 00 00
R10=0x0000026bf5ffcf98 is at code_begin+1016 in an Interpreter codelet
native method entry point (kind = native)  [0x0000026bf5ffcba0, 0x0000026bf5ffd6c0]  2848 bytes
R11=0x00000007107c0178 is an oop: java.lang.Class 
{0x00000007107c0178} - klass: 'java/lang/Class'
 - ---- fields (total size 25 words):
 - private volatile transient 'classRedefinedCount' 'I' @12  0 (0x00000000)
 - injected 'klass' 'J' @16  2662897316896 (0x0000026c010c7420)
 - injected 'array_klass' 'J' @24  0 (0x0000000000000000)
 - injected 'oop_size' 'I' @32  25 (0x00000019)
 - injected 'static_oop_field_count' 'I' @36  2 (0x00000002)
 - private volatile transient 'cachedConstructor' 'Ljava/lang/reflect/Constructor;' @40  null (0x00000000)
 - private transient 'name' 'Ljava/lang/String;' @44  "org.lwjgl.openal.ALC10"{0x00000007107c0240} (0xe20f8048)
 - private transient 'module' 'Ljava/lang/Module;' @48  a 'java/lang/Module'{0x0000000704a28260} (0xe094504c)
 - private final 'classLoader' 'Ljava/lang/ClassLoader;' @52  a 'jdk/internal/loader/ClassLoaders$AppClassLoader'{0x0000000704a2a700} (0xe09454e0)
 - private transient 'classData' 'Ljava/lang/Object;' @56  null (0x00000000)
 - private transient 'packageName' 'Ljava/lang/String;' @60  "org.lwjgl.openal"{0x0000000704b6fd18} (0xe096dfa3)
 - private final 'componentType' 'Ljava/lang/Class;' @64  null (0x00000000)
 - private volatile transient 'reflectionData' 'Ljava/lang/ref/SoftReference;' @68  null (0x00000000)
 - private volatile transient 'genericInfo' 'Lsun/reflect/generics/repository/ClassRepository;' @72  null (0x00000000)
 - private volatile transient 'enumConstants' '[Ljava/lang/Object;' @76  null (0x00000000)
 - private volatile transient 'enumConstantDirectory' 'Ljava/util/Map;' @80  null (0x00000000)
 - private volatile transient 'annotationData' 'Ljava/lang/Class$AnnotationData;' @84  null (0x00000000)
 - private volatile transient 'annotationType' 'Lsun/reflect/annotation/AnnotationType;' @88  null (0x00000000)
 - transient 'classValueMap' 'Ljava/lang/ClassValue$ClassValueMap;' @92  null (0x00000000)
 - injected 'protection_domain' 'Ljava/lang/Object;' @96  a 'java/security/ProtectionDomain'{0x0000000704ac0e68} (0xe09581cd)
 - injected 'signers_name' 'Ljava/lang/Object;' @100  null (0x00000000)
 - injected 'source_file' 'Ljava/lang/Object;' @104  null (0x00000000)
 - signature: Lorg/lwjgl/openal/ALC10;
 - ---- static fields (2):
 - static final 'contexts' 'Ljava/util/HashMap;' @112  a 'java/util/HashMap'{0x00000007107c02b8} (0xe20f8057)
 - static final 'devices' 'Ljava/util/HashMap;' @116  a 'java/util/HashMap'{0x00000007107c02e8} (0xe20f805d)
 - public static final 'ALC_INVALID' 'I' @120  0 (0x00000000)
 - public static final 'ALC_FALSE' 'I' @124  0 (0x00000000)
 - public static final 'ALC_TRUE' 'I' @128  1 (0x00000001)
 - public static final 'ALC_NO_ERROR' 'I' @132  0 (0x00000000)
 - public static final 'ALC_MAJOR_VERSION' 'I' @136  4096 (0x00001000)
 - public static final 'ALC_MINOR_VERSION' 'I' @140  4097 (0x00001001)
 - public static final 'ALC_ATTRIBUTES_SIZE' 'I' @144  4098 (0x00001002)
 - public static final 'ALC_ALL_ATTRIBUTES' 'I' @148  4099 (0x00001003)
 - public static final 'ALC_DEFAULT_DEVICE_SPECIFIER' 'I' @152  4100 (0x00001004)
 - public static final 'ALC_DEVICE_SPECIFIER' 'I' @156  4101 (0x00001005)
 - public static final 'ALC_EXTENSIONS' 'I' @160  4102 (0x00001006)
 - public static final 'ALC_FREQUENCY' 'I' @164  4103 (0x00001007)
 - public static final 'ALC_REFRESH' 'I' @168  4104 (0x00001008)
 - public static final 'ALC_SYNC' 'I' @172  4105 (0x00001009)
 - public static final 'ALC_INVALID_DEVICE' 'I' @176  40961 (0x0000a001)
 - public static final 'ALC_INVALID_CONTEXT' 'I' @180  40962 (0x0000a002)
 - public static final 'ALC_INVALID_ENUM' 'I' @184  40963 (0x0000a003)
 - public static final 'ALC_INVALID_VALUE' 'I' @188  40964 (0x0000a004)
 - public static final 'ALC_OUT_OF_MEMORY' 'I' @192  40965 (0x0000a005)
R12=0x0000000000000001 is an unknown value
R13={method} {0x0000026c41625f38} 'nalcCreateContext' '(JJ)J' in 'org/lwjgl/openal/ALC10'
R14=0x000000ff7aefe900 is pointing into the stack for thread: 0x0000026be67bfa40
R15=0x0000026be67bfa40 is a thread

Top of Stack: (sp=0x000000ff7aefe760)
0x000000ff7aefe760:   0000026c41625f30 0000026be67bfa40
0x000000ff7aefe770:   0000000200000004 0000026b00000002
0x000000ff7aefe780:   0000026be3fc7050 0000002800000003
0x000000ff7aefe790:   000000ff7aefe900 0000026c41625f30
0x000000ff7aefe7a0:   0000000000000000 0000000000000010
0x000000ff7aefe7b0:   0000000704b6baa8 0000026be67bfa40
0x000000ff7aefe7c0:   000000ff7aefe8c8 00007ffa4335ce95
0x000000ff7aefe7d0:   0000026be67bfa40 000000ff7aefe900
0x000000ff7aefe7e0:   0000026c41625f30 0000000000000000
0x000000ff7aefe7f0:   0000026c4c0b069c 0000000704b6baa8
0x000000ff7aefe800:   000000ff7aefe8c8 0000026b9976248f
0x000000ff7aefe810:   0000026b99840090 0000026b99840090
0x000000ff7aefe820:   0000026b0000ac44 0000000000000004
0x000000ff7aefe830:   0000000000000010 0000026bf5ffcfc7
0x000000ff7aefe840:   0000026c41625f30 0000026bf5ffcc9e
0x000000ff7aefe850:   0000026c41625f30 0000000704b6baa8
0x000000ff7aefe860:   0000000704b6ba10 0000026c41483688
0x000000ff7aefe870:   0000000000000000 0000026bf5ffcc5b
0x000000ff7aefe880:   fffffffffffffff7 0000026c41625f30
0x000000ff7aefe890:   0000000000000007 0000026c416273c8
0x000000ff7aefe8a0:   0000000000000000 00000007107c0178
0x000000ff7aefe8b0:   0000026c41625f30 0000000000000000
0x000000ff7aefe8c0:   000000ff7aefe8e8 000000ff7aefe950
0x000000ff7aefe8d0:   0000026bf5ff89b6 00000007107c0178
0x000000ff7aefe8e0:   0000026bf5ffa516 0000026c4c0b069c
0x000000ff7aefe8f0:   0000000000000000 0000026b99840090
0x000000ff7aefe900:   0000000000000000 fffffffffffffff7
0x000000ff7aefe910:   0000026c41625e08 0000000000000008
0x000000ff7aefe920:   0000026c416273c8 0000000000000000
0x000000ff7aefe930:   00000007107c0178 0000026c41625ea0
0x000000ff7aefe940:   fffffffffffffff3 000000ff7aefe988
0x000000ff7aefe950:   000000ff7aefe9e0 0000026bf5ff8a5a 

Instructions: (pc=0x0000026b99761066)
0x0000026b99760f66:   b0 00 00 00 0f ba a3 fc 00 00 00 1f 44 89 9c 24
0x0000026b99760f76:   b0 00 00 00 73 15 48 8b 83 f8 61 01 00 48 8b cb
0x0000026b99760f86:   ff 50 20 44 8b 9c 24 b0 00 00 00 0f ba b3 fc 00
0x0000026b99760f96:   00 00 1f 44 89 7b 38 44 89 6b 44 44 89 73 48 e9
0x0000026b99760fa6:   56 01 00 00 83 3d 4f 94 04 00 02 0f 8c 8e fe ff
0x0000026b99760fb6:   ff 4c 8d 05 a2 2c 03 00 e9 6f fe ff ff 48 3b d7
0x0000026b99760fc6:   0f 84 3f 01 00 00 39 3a 0f 84 37 01 00 00 0f ba
0x0000026b99760fd6:   a1 fc 00 00 00 1f 73 0a 48 8b 81 f8 61 01 00 ff
0x0000026b99760fe6:   50 20 8b 43 38 0f ba b3 fc 00 00 00 1f 8b 6b 64
0x0000026b99760ff6:   44 8b 63 68 89 84 24 c0 00 00 00 8b 43 6c 89 84
0x0000026b99761006:   24 c8 00 00 00 4c 8b c7 39 3e 74 58 48 8b d6 48
0x0000026b99761016:   8d 4e 04 81 3a 07 10 00 00 75 10 8b 01 83 8b fc
0x0000026b99761026:   00 00 00 02 89 84 24 c0 00 00 00 81 3a 11 10 00
0x0000026b99761036:   00 75 10 8b 6b 5c 44 8b 21 44 3b e5 44 0f 47 e5
0x0000026b99761046:   41 2b ec 81 3a 03 00 02 00 75 09 8b 01 89 84 24
0x0000026b99761056:   c8 00 00 00 49 83 c0 02 48 83 c1 08 4a 8d 14 86
0x0000026b99761066:   39 3a 75 af 4c 8d 84 24 c0 00 00 00 48 8d 15 d7
0x0000026b99761076:   2b 03 00 33 c9 e8 58 5f 00 00 b8 40 1f 00 00 4c
0x0000026b99761086:   8d 84 24 c8 00 00 00 39 84 24 c0 00 00 00 48 8d
0x0000026b99761096:   15 e9 2b 03 00 0f 47 84 24 c0 00 00 00 33 c9 89
0x0000026b997610a6:   84 24 c0 00 00 00 e8 27 5f 00 00 8b 43 3c 44 8b
0x0000026b997610b6:   84 24 c0 00 00 00 8b 4b 38 41 bb 04 00 00 00 44
0x0000026b997610c6:   39 9c 24 c8 00 00 00 44 0f 42 9c 24 c8 00 00 00
0x0000026b997610d6:   33 d2 44 89 9c 24 c8 00 00 00 49 0f af c0 48 f7
0x0000026b997610e6:   f1 89 43 3c f6 05 43 b6 04 00 01 74 09 83 c0 03
0x0000026b997610f6:   83 e0 fc 89 43 3c 44 89 43 38 44 89 5b 6c 44 89
0x0000026b99761106:   63 68 89 6b 64 44 8b 9b fc 00 00 00 41 0f ba e3
0x0000026b99761116:   1f 0f 82 6a 05 00 00 44 8b 6b 38 8b 6b 44 44 8b
0x0000026b99761126:   63 48 41 bf 03 00 00 00 48 8d 35 5b 2b 03 00 4c
0x0000026b99761136:   8d 35 80 dc 02 00 44 39 3d bd 92 04 00 0f 8c 81
0x0000026b99761146:   00 00 00 4c 8d 15 88 28 03 00 4c 8d 35 f5 2a 03
0x0000026b99761156:   00 41 f6 c3 02 4d 8b ca 41 8b cc 4d 0f 45 ce e8 


Stack slot to memory mapping:

stack at sp + 0 slots: {method} {0x0000026c41625f38} 'nalcCreateContext' '(JJ)J' in 'org/lwjgl/openal/ALC10'
stack at sp + 1 slots: 0x0000026be67bfa40 is a thread
stack at sp + 2 slots: 0x0000000200000004 is an unknown value
stack at sp + 3 slots: 0x0000026b00000002 is an unknown value
stack at sp + 4 slots: 0x0000026be3fc7050 points into unknown readable memory: 0x6e616c2e6176616a | 6a 61 76 61 2e 6c 61 6e
stack at sp + 5 slots: 0x0000002800000003 is an unknown value
stack at sp + 6 slots: 0x000000ff7aefe900 is pointing into the stack for thread: 0x0000026be67bfa40
stack at sp + 7 slots: {method} {0x0000026c41625f38} 'nalcCreateContext' '(JJ)J' in 'org/lwjgl/openal/ALC10'

native method entry point (kind = native)  [0x0000026bf5ffcba0, 0x0000026bf5ffd6c0]  2848 bytes
[MachCode]
  0x0000026bf5ffcba0: 488b 4b08 | 0fb7 492e | 584c 8d74 | ccf8 6800 | 0000 0068 | 0000 0000 | 5055 488b | ec41 5568 
  0x0000026bf5ffcbc0: 0000 0000 | 4c8b 6b08 | 4d8d 6d38 | 5348 8b53 | 0848 8b52 | 0848 8b52 | 1848 8b52 | 7048 8b12 
  0x0000026bf5ffcbe0: 5248 8b53 | 1048 85d2 | 0f84 0700 | 0000 4881 | c210 0100 | 0052 488b | 5308 488b | 5208 488b 
  0x0000026bf5ffcc00: 5210 5249 | 8bc6 482b | c548 c1e8 | 0350 6800 | 0000 0068 | f7ff ffff | 41c6 8781 | 0400 0001 
  0x0000026bf5ffcc20: 488b 4310 | 4885 c074 | 208b 88cc | 0000 0083 | c102 8988 | cc00 0000 | 2388 e000 | 0000 0f84 
  0x0000026bf5ffcc40: cb09 0000 | e9cf 0000 | 0048 8b43 | 1848 85c0 | 0f85 b000 | 0000 e805 | 0000 00e9 | 9900 0000 
  0x0000026bf5ffcc60: 488b d348 | 8d44 2408 | 4c89 6dc0 | 498b cfc5 | f877 4989 | afb0 0300 | 0049 8987 | a003 0000 
  0x0000026bf5ffcc80: 4883 ec20 | 40f6 c40f | 0f84 1900 | 0000 4883 | ec08 48b8 | 00a7 3543 | fa7f 0000 | ffd0 4883 
  0x0000026bf5ffcca0: c408 e90c | 0000 0048 | b800 a735 | 43fa 7f00 | 00ff d048 | 83c4 2049 | c787 a003 | 0000 0000 
  0x0000026bf5ffccc0: 0000 49c7 | 87b0 0300 | 0000 0000 | 0049 c787 | a803 0000 | 0000 0000 | c5f8 7749 | 837f 0800 
  0x0000026bf5ffcce0: 0f84 0500 | 0000 e915 | 42ff ff4c | 8b6d c04c | 8b75 c84e | 8d74 f500 | c348 8b43 | 1848 85c0 
  0x0000026bf5ffcd00: 0f84 1200 | 0000 8b48 | 0883 c102 | 8948 0823 | 481c 0f84 | f708 0000 | 493b a7f0 | 0400 000f 
  0x0000026bf5ffcd20: 8748 0000 | 0089 8424 | 00f0 ffff | 8984 2400 | e0ff ff89 | 8424 00d0 | ffff 8984 | 2400 c0ff 
  0x0000026bf5ffcd40: ff89 8424 | 00b0 ffff | 8984 2400 | a0ff ff89 | 8424 0090 | ffff 8984 | 2400 80ff | ff49 3ba7 
  0x0000026bf5ffcd60: e804 0000 | 7607 4989 | a7f0 0400 | 0041 c687 | 8104 0000 | 0049 ba6c | 40bc 43fa | 7f00 0041 
  0x0000026bf5ffcd80: 803a 000f | 843e 0000 | 0048 8b55 | e849 8bcf | 4883 ec20 | 40f6 c40f | 0f84 1900 | 0000 4883 
  0x0000026bf5ffcda0: ec08 48b8 | 80b9 6c43 | fa7f 0000 | ffd0 4883 | c408 e90c | 0000 0048 | b880 b96c | 43fa 7f00 
  0x0000026bf5ffcdc0: 00ff d048 | 83c4 2048 | 8b5d e84c | 8b5b 0845 | 0fb7 5b2e | 41c1 e303 | 492b e348 | 83ec 2048 
  0x0000026bf5ffcde0: 83e4 f04c | 8b5b 604d | 85db 0f85 | ab00 0000 | e805 0000 | 00e9 9900 | 0000 488b | d348 8d44 
  0x0000026bf5ffce00: 2408 4c89 | 6dc0 498b | cfc5 f877 | 4989 afb0 | 0300 0049 | 8987 a003 | 0000 4883 | ec20 40f6 
  0x0000026bf5ffce20: c40f 0f84 | 1900 0000 | 4883 ec08 | 48b8 20ce | 3543 fa7f | 0000 ffd0 | 4883 c408 | e90c 0000 
  0x0000026bf5ffce40: 0048 b820 | ce35 43fa | 7f00 00ff | d048 83c4 | 2049 c787 | a003 0000 | 0000 0000 | 49c7 87b0 
  0x0000026bf5ffce60: 0300 0000 | 0000 0049 | c787 a803 | 0000 0000 | 0000 c5f8 | 7749 837f | 0800 0f84 | 0500 0000 
  0x0000026bf5ffce80: e97b 40ff | ff4c 8b6d | c04c 8b75 | c84e 8d74 | f500 c348 | 8b5d e84c | 8b5b 6041 | ffd3 488b 
  0x0000026bf5ffcea0: 5de8 4889 | 4518 448b | 5b28 41f6 | c308 0f84 | 1b00 0000 | 4c8b 5b08 | 4d8b 5b08 | 4d8b 5b18 
  0x0000026bf5ffcec0: 4d8b 5b70 | 4d8b 1b4c | 895d 1048 | 8d55 1048 | 8b43 5849 | ba80 106d | 43fa 7f00 | 0049 3bc2 
  0x0000026bf5ffcee0: 0f85 ab00 | 0000 e805 | 0000 00e9 | 9900 0000 | 488b d348 | 8d44 2408 | 4c89 6dc0 | 498b cfc5 
  0x0000026bf5ffcf00: f877 4989 | afb0 0300 | 0049 8987 | a003 0000 | 4883 ec20 | 40f6 c40f | 0f84 1900 | 0000 4883 
  0x0000026bf5ffcf20: ec08 48b8 | 20ce 3543 | fa7f 0000 | ffd0 4883 | c408 e90c | 0000 0048 | b820 ce35 | 43fa 7f00 
  0x0000026bf5ffcf40: 00ff d048 | 83c4 2049 | c787 a003 | 0000 0000 | 0000 49c7 | 87b0 0300 | 0000 0000 | 0049 c787 
  0x0000026bf5ffcf60: a803 0000 | 0000 0000 | c5f8 7749 | 837f 0800 | 0f84 0500 | 0000 e985 | 3fff ff4c | 8b6d c04c 
  0x0000026bf5ffcf80: 8b75 c84e | 8d74 f500 | c348 8b5d | e848 8b43 | 5849 8d8f | c003 0000 | c5f8 7749 | 89af b003 
  0x0000026bf5ffcfa0: 0000 49ba | 98cf fff5 | 6b02 0000 | 4d89 97a8 | 0300 0049 | 89a7 a003 | 0000 41c7 | 8754 0400 
  0x0000026bf5ffcfc0: 0004 0000 | 00ff d0c5 | f877 4883 | ec10 c5fb | 1104 2448 | 83ec 1048 | 8904 2448 | c744 2408 
  0x0000026bf5ffcfe0: 0000 0000 | 41c7 8754 | 0400 0005 | 0000 00f0 | 8344 24c0 | 0049 3baf | 5804 0000 | 0f87 0e00 
  0x0000026bf5ffd000: 0000 4183 | bf50 0400 | 0000 0f84 | 2000 0000 | 498b cf4c | 8be4 4883 | ec20 4883 | e4f0 48b8 
  0x0000026bf5ffd020: 4023 3743 | fa7f 0000 | ffd0 498b | e44d 33e4 | 41c7 8754 | 0400 0008 | 0000 0049 | c787 a003 
  0x0000026bf5ffd040: 0000 0000 | 0000 49c7 | 87b0 0300 | 0000 0000 | 0049 c787 | a803 0000 | 0000 0000 | c5f8 774d 
  0x0000026bf5ffd060: 8b9f 3004 | 0000 41c7 | 8300 0100 | 0000 0000 | 0049 bb1a | a5ff f56b | 0200 004c | 3b5d 180f 
  0x0000026bf5ffd080: 8524 0200 | 0048 8b04 | 2448 83c4 | 1048 85c0 | 0f84 fe01 | 0000 a803 | 0f85 0800 | 0000 488b 
  0x0000026bf5ffd0a0: 00e9 ee01 | 0000 a801 | 0f85 0900 | 0000 488b | 40fe e9dd | 0100 0048 | 8b40 ff41 | 807f 3800 
  0x0000026bf5ffd0c0: 0f84 ce01 | 0000 4883 | f800 0f84 | c401 0000 | 4d8b 5f28 | 4983 fb00 | 0f84 1400 | 0000 4983 
  0x0000026bf5ffd0e0: eb08 4d89 | 5f28 4d03 | 5f30 4989 | 03e9 a201 | 0000 4881 | ecd0 0000 | 0048 8904 | 2448 894c 
  0x0000026bf5ffd100: 2408 4889 | 5424 1048 | 8974 2418 | 4889 7c24 | 204c 8944 | 2428 4c89 | 4c24 304c | 8954 2438 
  0x0000026bf5ffd120: 4c89 5c24 | 40c5 fb11 | 4424 50c5 | fb11 4c24 | 58c5 fb11 | 5424 60c5 | fb11 5c24 | 68c5 fb11 
  0x0000026bf5ffd140: 6424 70c5 | fb11 6c24 | 78c5 fb11 | b424 8000 | 0000 c5fb | 11bc 2488 | 0000 00c5 | 7b11 8424 
  0x0000026bf5ffd160: 9000 0000 | c57b 118c | 2498 0000 | 00c5 7b11 | 9424 a000 | 0000 c57b | 119c 24a8 | 0000 00c5 
  0x0000026bf5ffd180: 7b11 a424 | b000 0000 | c57b 11ac | 24b8 0000 | 00c5 7b11 | b424 c000 | 0000 c57b | 11bc 24c8 
  0x0000026bf5ffd1a0: 0000 0049 | 8bd7 488b | c848 83ec | 2040 f6c4 | 0f0f 8419 | 0000 0048 | 83ec 0848 | b830 3f2a 
  0x0000026bf5ffd1c0: 43fa 7f00 | 00ff d048 | 83c4 08e9 | 0c00 0000 | 48b8 303f | 2a43 fa7f | 0000 ffd0 | 4883 c420 
  0x0000026bf5ffd1e0: c57b 10bc | 24c8 0000 | 00c5 7b10 | b424 c000 | 0000 c57b | 10ac 24b8 | 0000 00c5 | 7b10 a424 
  0x0000026bf5ffd200: b000 0000 | c57b 109c | 24a8 0000 | 00c5 7b10 | 9424 a000 | 0000 c57b | 108c 2498 | 0000 00c5 
  0x0000026bf5ffd220: 7b10 8424 | 9000 0000 | c5fb 10bc | 2488 0000 | 00c5 fb10 | b424 8000 | 0000 c5fb | 106c 2478 
  0x0000026bf5ffd240: c5fb 1064 | 2470 c5fb | 105c 2468 | c5fb 1054 | 2460 c5fb | 104c 2458 | c5fb 1044 | 2450 4c8b 
  0x0000026bf5ffd260: 5c24 404c | 8b54 2438 | 4c8b 4c24 | 304c 8b44 | 2428 488b | 7c24 2048 | 8b74 2418 | 488b 5424 
  0x0000026bf5ffd280: 1048 8b4c | 2408 488b | 0424 4881 | c4d0 0000 | 00c5 f877 | 4889 4510 | 4883 ec10 | 4889 0424 
  0x0000026bf5ffd2a0: 48c7 4424 | 0800 0000 | 0041 83bf | d004 0000 | 020f 85bf | 0000 0048 | 81ec 8000 | 0000 4889 
  0x0000026bf5ffd2c0: 4424 7848 | 894c 2470 | 4889 5424 | 6848 895c | 2460 4889 | 6c24 5048 | 8974 2448 | 4889 7c24 
  0x0000026bf5ffd2e0: 404c 8944 | 2438 4c89 | 4c24 304c | 8954 2428 | 4c89 5c24 | 204c 8964 | 2418 4c89 | 6c24 104c 
  0x0000026bf5ffd300: 8974 2408 | 4c89 3c24 | 4c8b e448 | 83ec 2048 | 83e4 f048 | b8d0 f16c | 43fa 7f00 | 00ff d049 
  0x0000026bf5ffd320: 8be4 4c8b | 3c24 4c8b | 7424 084c | 8b6c 2410 | 4c8b 6424 | 184c 8b5c | 2420 4c8b | 5424 284c 
  0x0000026bf5ffd340: 8b4c 2430 | 4c8b 4424 | 3848 8b7c | 2440 488b | 7424 4848 | 8b6c 2450 | 488b 5c24 | 6048 8b54 
  0x0000026bf5ffd360: 2468 488b | 4c24 7048 | 8b44 2478 | 4881 c480 | 0000 004d | 33e4 488b | 5de8 4c8b | 6b08 4d8d 
  0x0000026bf5ffd380: 6d38 4983 | 7f08 000f | 84bb 0000 | 00e8 0500 | 0000 e996 | 0000 0048 | 8d44 2408 | 4c89 6dc0 
  0x0000026bf5ffd3a0: 498b cfc5 | f877 4989 | afb0 0300 | 0049 8987 | a003 0000 | 4883 ec20 | 40f6 c40f | 0f84 1900 
  0x0000026bf5ffd3c0: 0000 4883 | ec08 48b8 | 60ec 3543 | fa7f 0000 | ffd0 4883 | c408 e90c | 0000 0048 | b860 ec35 
  0x0000026bf5ffd3e0: 43fa 7f00 | 00ff d048 | 83c4 2049 | c787 a003 | 0000 0000 | 0000 49c7 | 87b0 0300 | 0000 0000 
  0x0000026bf5ffd400: 0049 c787 | a803 0000 | 0000 0000 | c5f8 7749 | 837f 0800 | 0f84 0500 | 0000 e9e1 | 3aff ff4c 
  0x0000026bf5ffd420: 8b6d c04c | 8b75 c84e | 8d74 f500 | c348 b9b0 | 2894 43fa | 7f00 0048 | 83e4 f048 | b830 995b 
  0x0000026bf5ffd440: 43fa 7f00 | 00ff d0f4 | 448b 5b28 | 41f6 c320 | 0f84 4401 | 0000 488d | 55a8 4c8b | 5a08 4d85 
  0x0000026bf5ffd460: db0f 85bb | 0000 00e8 | 0500 0000 | e996 0000 | 0048 8d44 | 2408 4c89 | 6dc0 498b | cfc5 f877 
  0x0000026bf5ffd480: 4989 afb0 | 0300 0049 | 8987 a003 | 0000 4883 | ec20 40f6 | c40f 0f84 | 1900 0000 | 4883 ec08 
  0x0000026bf5ffd4a0: 48b8 90eb | 3543 fa7f | 0000 ffd0 | 4883 c408 | e90c 0000 | 0048 b890 | eb35 43fa | 7f00 00ff 
  0x0000026bf5ffd4c0: d048 83c4 | 2049 c787 | a003 0000 | 0000 0000 | 49c7 87b0 | 0300 0000 | 0000 0049 | c787 a803 
  0x0000026bf5ffd4e0: 0000 0000 | 0000 c5f8 | 7749 837f | 0800 0f84 | 0500 0000 | e907 3aff | ff4c 8b6d | c04c 8b75 
  0x0000026bf5ffd500: c84e 8d74 | f500 c348 | b9b0 2894 | 43fa 7f00 | 0048 83e4 | f048 b830 | 995b 43fa | 7f00 00ff 
  0x0000026bf5ffd520: d0f4 4c89 | 6dc0 488d | 024c 8b4a | 0848 c742 | 0800 0000 | 004c 8b00 | 4d85 c00f | 840b 0000 
  0x0000026bf5ffd540: 00f0 4d0f | b101 0f85 | 0c00 0000 | 49ff 8f58 | 0500 00e9 | 3e00 0000 | 4c89 4a08 | 488b ca48 
  0x0000026bf5ffd560: 83ec 2040 | f6c4 0f0f | 8419 0000 | 0048 83ec | 0848 b820 | be35 43fa | 7f00 00ff | d048 83c4 
  0x0000026bf5ffd580: 08e9 0c00 | 0000 48b8 | 20be 3543 | fa7f 0000 | ffd0 4883 | c420 4c8b | 6dc0 49ba | 6c40 bc43 
  0x0000026bf5ffd5a0: fa7f 0000 | 4180 3a00 | 0f84 3e00 | 0000 488b | 55e8 498b | cf48 83ec | 2040 f6c4 | 0f0f 8419 
  0x0000026bf5ffd5c0: 0000 0048 | 83ec 0848 | b880 b96c | 43fa 7f00 | 00ff d048 | 83c4 08e9 | 0c00 0000 | 48b8 80b9 
  0x0000026bf5ffd5e0: 6c43 fa7f | 0000 ffd0 | 4883 c420 | 488b 0424 | 4883 c410 | c5fb 1004 | 2448 83c4 | 104c 8b5d 
  0x0000026bf5ffd600: 1841 ffd3 | 4c8b 5df8 | c95f 498b | e3ff e7ba | 0000 0000 | e805 0000 | 00e9 9600 | 0000 488d 
  0x0000026bf5ffd620: 4424 084c | 896d c049 | 8bcf c5f8 | 7749 89af | b003 0000 | 4989 87a0 | 0300 0048 | 83ec 2040 
  0x0000026bf5ffd640: f6c4 0f0f | 8419 0000 | 0048 83ec | 0848 b8e0 | b135 43fa | 7f00 00ff | d048 83c4 | 08e9 0c00 
  0x0000026bf5ffd660: 0000 48b8 | e0b1 3543 | fa7f 0000 | ffd0 4883 | c420 49c7 | 87a0 0300 | 0000 0000 | 0049 c787 
  0x0000026bf5ffd680: b003 0000 | 0000 0000 | 49c7 87a8 | 0300 0000 | 0000 00c5 | f877 4983 | 7f08 000f | 8405 0000 
  0x0000026bf5ffd6a0: 00e9 5a38 | ffff 4c8b | 6dc0 4c8b | 75c8 4e8d | 74f5 00c3 | 488b 5de8 | e95b f6ff | ff66 6690 
[/MachCode]

---------------  P R O C E S S  ---------------

Threads class SMR info:
_java_thread_list=0x0000026c4c0a7c20, length=16, elements={
0x0000026be67bfa40, 0x0000026bff9723d0, 0x0000026bff9730f0, 0x0000026bff977fa0,
0x0000026bff978c80, 0x0000026bff97d6f0, 0x0000026bff985670, 0x0000026bff987410,
0x0000026bff998300, 0x0000026bffa83bf0, 0x0000026bffc7a830, 0x0000026bffc88e90,
0x0000026c4be0e0b0, 0x0000026c4be88750, 0x0000026c4baa7940, 0x0000026c4bf79c90
}

Java Threads: ( => current thread )
=>0x0000026be67bfa40 JavaThread "main"                              [_thread_in_native, id=816, stack(0x000000ff7ae00000,0x000000ff7af00000) (1024K)]
  0x0000026bff9723d0 JavaThread "Reference Handler"          daemon [_thread_blocked, id=14188, stack(0x000000ff7b600000,0x000000ff7b700000) (1024K)]
  0x0000026bff9730f0 JavaThread "Finalizer"                  daemon [_thread_blocked, id=8468, stack(0x000000ff7b700000,0x000000ff7b800000) (1024K)]
  0x0000026bff977fa0 JavaThread "Signal Dispatcher"          daemon [_thread_blocked, id=9152, stack(0x000000ff7b800000,0x000000ff7b900000) (1024K)]
  0x0000026bff978c80 JavaThread "Attach Listener"            daemon [_thread_blocked, id=14016, stack(0x000000ff7b900000,0x000000ff7ba00000) (1024K)]
  0x0000026bff97d6f0 JavaThread "Service Thread"             daemon [_thread_blocked, id=12308, stack(0x000000ff7ba00000,0x000000ff7bb00000) (1024K)]
  0x0000026bff985670 JavaThread "Monitor Deflation Thread"   daemon [_thread_blocked, id=2648, stack(0x000000ff7bb00000,0x000000ff7bc00000) (1024K)]
  0x0000026bff987410 JavaThread "C2 CompilerThread0"         daemon [_thread_blocked, id=12916, stack(0x000000ff7bc00000,0x000000ff7bd00000) (1024K)]
  0x0000026bff998300 JavaThread "C1 CompilerThread0"         daemon [_thread_blocked, id=5048, stack(0x000000ff7bd00000,0x000000ff7be00000) (1024K)]
  0x0000026bffa83bf0 JavaThread "Common-Cleaner"             daemon [_thread_blocked, id=12784, stack(0x000000ff7be00000,0x000000ff7bf00000) (1024K)]
  0x0000026bffc7a830 JavaThread "Monitor Ctrl-Break"         daemon [_thread_in_native, id=9392, stack(0x000000ff7bf00000,0x000000ff7c000000) (1024K)]
  0x0000026bffc88e90 JavaThread "Notification Thread"        daemon [_thread_blocked, id=13176, stack(0x000000ff7c000000,0x000000ff7c100000) (1024K)]
  0x0000026c4be0e0b0 JavaThread "Thread-2"                   daemon [_thread_in_native, id=7872, stack(0x000000ff7ca00000,0x000000ff7cb00000) (1024K)]
  0x0000026c4be88750 JavaThread "LWJGL Timer"                daemon [_thread_blocked, id=9612, stack(0x000000ff7cb00000,0x000000ff7cc00000) (1024K)]
  0x0000026c4baa7940 JavaThread "Java2D Disposer"            daemon [_thread_blocked, id=3672, stack(0x000000ff7cc00000,0x000000ff7cd00000) (1024K)]
  0x0000026c4bf79c90 JavaThread "AWT-Windows"                daemon [_thread_in_native, id=10648, stack(0x000000ff7d500000,0x000000ff7d600000) (1024K)]
Total: 16

Other Threads:
  0x0000026bfefc54f0 VMThread "VM Thread"                           [id=13276, stack(0x000000ff7b500000,0x000000ff7b600000) (1024K)]
  0x0000026bfefa2230 WatcherThread "VM Periodic Task Thread"        [id=10652, stack(0x000000ff7b400000,0x000000ff7b500000) (1024K)]
  0x0000026be6827a90 WorkerThread "GC Thread#0"                     [id=11888, stack(0x000000ff7af00000,0x000000ff7b000000) (1024K)]
  0x0000026bfefc58a0 WorkerThread "GC Thread#1"                     [id=13792, stack(0x000000ff7ce00000,0x000000ff7cf00000) (1024K)]
  0x0000026bfefc5c50 WorkerThread "GC Thread#2"                     [id=14320, stack(0x000000ff7cf00000,0x000000ff7d000000) (1024K)]
  0x0000026bfefc4d90 WorkerThread "GC Thread#3"                     [id=4140, stack(0x000000ff7d000000,0x000000ff7d100000) (1024K)]
  0x0000026bfefc49e0 WorkerThread "GC Thread#4"                     [id=9800, stack(0x000000ff7d100000,0x000000ff7d200000) (1024K)]
  0x0000026bfefc4280 WorkerThread "GC Thread#5"                     [id=13704, stack(0x000000ff7d200000,0x000000ff7d300000) (1024K)]
  0x0000026c4bcd9300 WorkerThread "GC Thread#6"                     [id=9400, stack(0x000000ff7d300000,0x000000ff7d400000) (1024K)]
  0x0000026c4bcda570 WorkerThread "GC Thread#7"                     [id=4480, stack(0x000000ff7d400000,0x000000ff7d500000) (1024K)]
  0x0000026be6838c70 ConcurrentGCThread "G1 Main Marker"            [id=11484, stack(0x000000ff7b000000,0x000000ff7b100000) (1024K)]
  0x0000026be683bf20 WorkerThread "G1 Conc#0"                       [id=5720, stack(0x000000ff7b100000,0x000000ff7b200000) (1024K)]
  0x0000026bfee709a0 ConcurrentGCThread "G1 Refine#0"               [id=12360, stack(0x000000ff7b200000,0x000000ff7b300000) (1024K)]
  0x0000026bfee71600 ConcurrentGCThread "G1 Service"                [id=13552, stack(0x000000ff7b300000,0x000000ff7b400000) (1024K)]
Total: 14

Threads with active compile tasks:
Total: 0

VM state: not at safepoint (normal execution)

VM Mutex/Monitor currently owned by a thread: None

Heap address: 0x0000000703800000, size: 4040 MB, Compressed Oops mode: Zero based, Oop shift amount: 3

CDS archive(s) mapped at: [0x0000026c00000000-0x0000026c00c60000-0x0000026c00c60000), size 12976128, SharedBaseAddress: 0x0000026c00000000, ArchiveRelocationMode: 1.
Compressed class space mapped at: 0x0000026c01000000-0x0000026c41000000, reserved size: 1073741824
Narrow klass base: 0x0000026c00000000, Narrow klass shift: 0, Narrow klass range: 0x41000000

GC Precious Log:
 CardTable entry size: 512
 Card Set container configuration: InlinePtr #cards 4 size 8 Array Of Cards #cards 16 size 48 Howl #buckets 8 coarsen threshold 3686 Howl Bitmap #cards 512 size 80 coarsen threshold 460 Card regions per heap region 1 cards per card region 4096
 CPUs: 8 total, 8 available
 Memory: 16158M
 Large Page Support: Disabled
 NUMA Support: Disabled
 Compressed Oops: Enabled (Zero based)
 Heap Region Size: 2M
 Heap Min Capacity: 8M
 Heap Initial Capacity: 254M
 Heap Max Capacity: 4040M
 Pre-touch: Disabled
 Parallel Workers: 8
 Concurrent Workers: 2
 Concurrent Refinement Workers: 8
 Periodic GC: Disabled

Heap:
 garbage-first heap   total reserved 4136960K, committed 260096K, used 138292K [0x0000000703800000, 0x0000000800000000)
  region size 2048K, 25 young (51200K), 1 survivors (2048K)
 Metaspace       used 8543K, committed 8768K, reserved 1114112K
  class space    used 721K, committed 832K, reserved 1048576K

Heap Regions: E=young(eden), S=young(survivor), O=old, HS=humongous(starts), HC=humongous(continues), CS=collection set, F=free, TAMS=top-at-mark-start, PB=parsable bottom
|   0|0x0000000703800000, 0x0000000703a00000, 0x0000000703a00000|100%|HS|  |TAMS 0x0000000703800000| PB 0x0000000703800000| Complete |  0
|   1|0x0000000703a00000, 0x0000000703c00000, 0x0000000703c00000|100%|HS|  |TAMS 0x0000000703a00000| PB 0x0000000703a00000| Complete |  0
|   2|0x0000000703c00000, 0x0000000703e00000, 0x0000000703e00000|100%|HS|  |TAMS 0x0000000703c00000| PB 0x0000000703c00000| Complete |  0
|   3|0x0000000703e00000, 0x0000000704000000, 0x0000000704000000|100%|HS|  |TAMS 0x0000000703e00000| PB 0x0000000703e00000| Complete |  0
|   4|0x0000000704000000, 0x0000000704200000, 0x0000000704200000|100%|HS|  |TAMS 0x0000000704000000| PB 0x0000000704000000| Complete |  0
|   5|0x0000000704200000, 0x0000000704400000, 0x0000000704400000|100%| O|  |TAMS 0x0000000704200000| PB 0x0000000704200000| Untracked |  0
|   6|0x0000000704400000, 0x0000000704600000, 0x0000000704600000|100%|HS|  |TAMS 0x0000000704400000| PB 0x0000000704400000| Complete |  0
|   7|0x0000000704600000, 0x0000000704800000, 0x0000000704800000|100%|HS|  |TAMS 0x0000000704600000| PB 0x0000000704600000| Complete |  0
|   8|0x0000000704800000, 0x0000000704a00000, 0x0000000704a00000|100%|HS|  |TAMS 0x0000000704800000| PB 0x0000000704800000| Complete |  0
|   9|0x0000000704a00000, 0x0000000704c00000, 0x0000000704c00000|100%| O|  |TAMS 0x0000000704a00000| PB 0x0000000704a00000| Untracked |  0
|  10|0x0000000704c00000, 0x0000000704e00000, 0x0000000704e00000|100%|HS|  |TAMS 0x0000000704c00000| PB 0x0000000704c00000| Complete |  0
|  11|0x0000000704e00000, 0x0000000705000000, 0x0000000705000000|100%|HS|  |TAMS 0x0000000704e00000| PB 0x0000000704e00000| Complete |  0
|  12|0x0000000705000000, 0x0000000705200000, 0x0000000705200000|100%|HS|  |TAMS 0x0000000705000000| PB 0x0000000705000000| Complete |  0
|  13|0x0000000705200000, 0x0000000705400000, 0x0000000705400000|100%|HC|  |TAMS 0x0000000705200000| PB 0x0000000705200000| Complete |  0
|  14|0x0000000705400000, 0x0000000705600000, 0x0000000705600000|100%|HS|  |TAMS 0x0000000705400000| PB 0x0000000705400000| Complete |  0
|  15|0x0000000705600000, 0x0000000705800000, 0x0000000705800000|100%|HS|  |TAMS 0x0000000705600000| PB 0x0000000705600000| Complete |  0
|  16|0x0000000705800000, 0x0000000705a00000, 0x0000000705a00000|100%|HS|  |TAMS 0x0000000705800000| PB 0x0000000705800000| Complete |  0
|  17|0x0000000705a00000, 0x0000000705c00000, 0x0000000705c00000|100%|HC|  |TAMS 0x0000000705a00000| PB 0x0000000705a00000| Complete |  0
|  18|0x0000000705c00000, 0x0000000705e00000, 0x0000000705e00000|100%|HS|  |TAMS 0x0000000705c00000| PB 0x0000000705c00000| Complete |  0
|  19|0x0000000705e00000, 0x0000000706000000, 0x0000000706000000|100%|HS|  |TAMS 0x0000000705e00000| PB 0x0000000705e00000| Complete |  0
|  20|0x0000000706000000, 0x0000000706200000, 0x0000000706200000|100%|HS|  |TAMS 0x0000000706000000| PB 0x0000000706000000| Complete |  0
|  21|0x0000000706200000, 0x0000000706400000, 0x0000000706400000|100%|HC|  |TAMS 0x0000000706200000| PB 0x0000000706200000| Complete |  0
|  22|0x0000000706400000, 0x0000000706600000, 0x0000000706600000|100%|HS|  |TAMS 0x0000000706400000| PB 0x0000000706400000| Complete |  0
|  23|0x0000000706600000, 0x0000000706800000, 0x0000000706800000|100%|HS|  |TAMS 0x0000000706600000| PB 0x0000000706600000| Complete |  0
|  24|0x0000000706800000, 0x0000000706a00000, 0x0000000706a00000|100%|HS|  |TAMS 0x0000000706800000| PB 0x0000000706800000| Complete |  0
|  25|0x0000000706a00000, 0x0000000706c00000, 0x0000000706c00000|100%|HS|  |TAMS 0x0000000706a00000| PB 0x0000000706a00000| Complete |  0
|  26|0x0000000706c00000, 0x0000000706e00000, 0x0000000706e00000|100%|HS|  |TAMS 0x0000000706c00000| PB 0x0000000706c00000| Complete |  0
|  27|0x0000000706e00000, 0x0000000707000000, 0x0000000707000000|100%|HS|  |TAMS 0x0000000706e00000| PB 0x0000000706e00000| Complete |  0
|  28|0x0000000707000000, 0x0000000707200000, 0x0000000707200000|100%|HS|  |TAMS 0x0000000707000000| PB 0x0000000707000000| Complete |  0
|  29|0x0000000707200000, 0x0000000707400000, 0x0000000707400000|100%|HS|  |TAMS 0x0000000707200000| PB 0x0000000707200000| Complete |  0
|  30|0x0000000707400000, 0x0000000707600000, 0x0000000707600000|100%|HS|  |TAMS 0x0000000707400000| PB 0x0000000707400000| Complete |  0
|  31|0x0000000707600000, 0x0000000707800000, 0x0000000707800000|100%|HC|  |TAMS 0x0000000707600000| PB 0x0000000707600000| Complete |  0
|  32|0x0000000707800000, 0x0000000707a00000, 0x0000000707a00000|100%|HC|  |TAMS 0x0000000707800000| PB 0x0000000707800000| Complete |  0
|  33|0x0000000707a00000, 0x0000000707c00000, 0x0000000707c00000|100%|HC|  |TAMS 0x0000000707a00000| PB 0x0000000707a00000| Complete |  0
|  34|0x0000000707c00000, 0x0000000707e00000, 0x0000000707e00000|100%|HS|  |TAMS 0x0000000707c00000| PB 0x0000000707c00000| Complete |  0
|  35|0x0000000707e00000, 0x0000000708000000, 0x0000000708000000|100%|HC|  |TAMS 0x0000000707e00000| PB 0x0000000707e00000| Complete |  0
|  36|0x0000000708000000, 0x0000000708200000, 0x0000000708200000|100%|HC|  |TAMS 0x0000000708000000| PB 0x0000000708000000| Complete |  0
|  37|0x0000000708200000, 0x0000000708400000, 0x0000000708400000|100%|HC|  |TAMS 0x0000000708200000| PB 0x0000000708200000| Complete |  0
|  38|0x0000000708400000, 0x0000000708600000, 0x0000000708600000|100%|HS|  |TAMS 0x0000000708400000| PB 0x0000000708400000| Complete |  0
|  39|0x0000000708600000, 0x0000000708800000, 0x0000000708800000|100%|HC|  |TAMS 0x0000000708600000| PB 0x0000000708600000| Complete |  0
|  40|0x0000000708800000, 0x0000000708a00000, 0x0000000708a00000|100%|HC|  |TAMS 0x0000000708800000| PB 0x0000000708800000| Complete |  0
|  41|0x0000000708a00000, 0x0000000708c00000, 0x0000000708c00000|100%|HS|  |TAMS 0x0000000708a00000| PB 0x0000000708a00000| Complete |  0
|  42|0x0000000708c00000, 0x0000000708e00000, 0x0000000708e00000|100%|HS|  |TAMS 0x0000000708c00000| PB 0x0000000708c00000| Complete |  0
|  43|0x0000000708e00000, 0x0000000709000000, 0x0000000709000000|100%|HS|  |TAMS 0x0000000708e00000| PB 0x0000000708e00000| Complete |  0
|  44|0x0000000709000000, 0x0000000709200000, 0x0000000709200000|100%|HS|  |TAMS 0x0000000709000000| PB 0x0000000709000000| Complete |  0
|  45|0x0000000709200000, 0x0000000709200000, 0x0000000709400000|  0%| F|  |TAMS 0x0000000709200000| PB 0x0000000709200000| Untracked |  0
|  46|0x0000000709400000, 0x0000000709400000, 0x0000000709600000|  0%| F|  |TAMS 0x0000000709400000| PB 0x0000000709400000| Untracked |  0
|  47|0x0000000709600000, 0x0000000709600000, 0x0000000709800000|  0%| F|  |TAMS 0x0000000709600000| PB 0x0000000709600000| Untracked |  0
|  48|0x0000000709800000, 0x0000000709800000, 0x0000000709a00000|  0%| F|  |TAMS 0x0000000709800000| PB 0x0000000709800000| Untracked |  0
|  49|0x0000000709a00000, 0x0000000709a00000, 0x0000000709c00000|  0%| F|  |TAMS 0x0000000709a00000| PB 0x0000000709a00000| Untracked |  0
|  50|0x0000000709c00000, 0x0000000709c00000, 0x0000000709e00000|  0%| F|  |TAMS 0x0000000709c00000| PB 0x0000000709c00000| Untracked |  0
|  51|0x0000000709e00000, 0x0000000709f0d210, 0x000000070a000000| 52%| S|CS|TAMS 0x0000000709e00000| PB 0x0000000709e00000| Complete |  0
|  52|0x000000070a000000, 0x000000070a000000, 0x000000070a200000|  0%| F|  |TAMS 0x000000070a000000| PB 0x000000070a000000| Untracked |  0
|  53|0x000000070a200000, 0x000000070a200000, 0x000000070a400000|  0%| F|  |TAMS 0x000000070a200000| PB 0x000000070a200000| Untracked |  0
|  54|0x000000070a400000, 0x000000070a400000, 0x000000070a600000|  0%| F|  |TAMS 0x000000070a400000| PB 0x000000070a400000| Untracked |  0
|  55|0x000000070a600000, 0x000000070a600000, 0x000000070a800000|  0%| F|  |TAMS 0x000000070a600000| PB 0x000000070a600000| Untracked |  0
|  56|0x000000070a800000, 0x000000070a800000, 0x000000070aa00000|  0%| F|  |TAMS 0x000000070a800000| PB 0x000000070a800000| Untracked |  0
|  57|0x000000070aa00000, 0x000000070aa00000, 0x000000070ac00000|  0%| F|  |TAMS 0x000000070aa00000| PB 0x000000070aa00000| Untracked |  0
|  58|0x000000070ac00000, 0x000000070ac00000, 0x000000070ae00000|  0%| F|  |TAMS 0x000000070ac00000| PB 0x000000070ac00000| Untracked |  0
|  59|0x000000070ae00000, 0x000000070ae00000, 0x000000070b000000|  0%| F|  |TAMS 0x000000070ae00000| PB 0x000000070ae00000| Untracked |  0
|  60|0x000000070b000000, 0x000000070b000000, 0x000000070b200000|  0%| F|  |TAMS 0x000000070b000000| PB 0x000000070b000000| Untracked |  0
|  61|0x000000070b200000, 0x000000070b200000, 0x000000070b400000|  0%| F|  |TAMS 0x000000070b200000| PB 0x000000070b200000| Untracked |  0
|  62|0x000000070b400000, 0x000000070b400000, 0x000000070b600000|  0%| F|  |TAMS 0x000000070b400000| PB 0x000000070b400000| Untracked |  0
|  63|0x000000070b600000, 0x000000070b600000, 0x000000070b800000|  0%| F|  |TAMS 0x000000070b600000| PB 0x000000070b600000| Untracked |  0
|  64|0x000000070b800000, 0x000000070b800000, 0x000000070ba00000|  0%| F|  |TAMS 0x000000070b800000| PB 0x000000070b800000| Untracked |  0
|  65|0x000000070ba00000, 0x000000070ba00000, 0x000000070bc00000|  0%| F|  |TAMS 0x000000070ba00000| PB 0x000000070ba00000| Untracked |  0
|  66|0x000000070bc00000, 0x000000070bc00000, 0x000000070be00000|  0%| F|  |TAMS 0x000000070bc00000| PB 0x000000070bc00000| Untracked |  0
|  67|0x000000070be00000, 0x000000070be00000, 0x000000070c000000|  0%| F|  |TAMS 0x000000070be00000| PB 0x000000070be00000| Untracked |  0
|  68|0x000000070c000000, 0x000000070c000000, 0x000000070c200000|  0%| F|  |TAMS 0x000000070c000000| PB 0x000000070c000000| Untracked |  0
|  69|0x000000070c200000, 0x000000070c200000, 0x000000070c400000|  0%| F|  |TAMS 0x000000070c200000| PB 0x000000070c200000| Untracked |  0
|  70|0x000000070c400000, 0x000000070c400000, 0x000000070c600000|  0%| F|  |TAMS 0x000000070c400000| PB 0x000000070c400000| Untracked |  0
|  71|0x000000070c600000, 0x000000070c600000, 0x000000070c800000|  0%| F|  |TAMS 0x000000070c600000| PB 0x000000070c600000| Untracked |  0
|  72|0x000000070c800000, 0x000000070c800000, 0x000000070ca00000|  0%| F|  |TAMS 0x000000070c800000| PB 0x000000070c800000| Untracked |  0
|  73|0x000000070ca00000, 0x000000070ca00000, 0x000000070cc00000|  0%| F|  |TAMS 0x000000070ca00000| PB 0x000000070ca00000| Untracked |  0
|  74|0x000000070cc00000, 0x000000070cc00000, 0x000000070ce00000|  0%| F|  |TAMS 0x000000070cc00000| PB 0x000000070cc00000| Untracked |  0
|  75|0x000000070ce00000, 0x000000070ce00000, 0x000000070d000000|  0%| F|  |TAMS 0x000000070ce00000| PB 0x000000070ce00000| Untracked |  0
|  76|0x000000070d000000, 0x000000070d000000, 0x000000070d200000|  0%| F|  |TAMS 0x000000070d000000| PB 0x000000070d000000| Untracked |  0
|  77|0x000000070d200000, 0x000000070d200000, 0x000000070d400000|  0%| F|  |TAMS 0x000000070d200000| PB 0x000000070d200000| Untracked |  0
|  78|0x000000070d400000, 0x000000070d400000, 0x000000070d600000|  0%| F|  |TAMS 0x000000070d400000| PB 0x000000070d400000| Untracked |  0
|  79|0x000000070d600000, 0x000000070d600000, 0x000000070d800000|  0%| F|  |TAMS 0x000000070d600000| PB 0x000000070d600000| Untracked |  0
|  80|0x000000070d800000, 0x000000070d800000, 0x000000070da00000|  0%| F|  |TAMS 0x000000070d800000| PB 0x000000070d800000| Untracked |  0
|  81|0x000000070da00000, 0x000000070da00000, 0x000000070dc00000|  0%| F|  |TAMS 0x000000070da00000| PB 0x000000070da00000| Untracked |  0
|  82|0x000000070dc00000, 0x000000070dc00000, 0x000000070de00000|  0%| F|  |TAMS 0x000000070dc00000| PB 0x000000070dc00000| Untracked |  0
|  83|0x000000070de00000, 0x000000070de00000, 0x000000070e000000|  0%| F|  |TAMS 0x000000070de00000| PB 0x000000070de00000| Untracked |  0
|  84|0x000000070e000000, 0x000000070e000000, 0x000000070e200000|  0%| F|  |TAMS 0x000000070e000000| PB 0x000000070e000000| Untracked |  0
|  85|0x000000070e200000, 0x000000070e200000, 0x000000070e400000|  0%| F|  |TAMS 0x000000070e200000| PB 0x000000070e200000| Untracked |  0
|  86|0x000000070e400000, 0x000000070e400000, 0x000000070e600000|  0%| F|  |TAMS 0x000000070e400000| PB 0x000000070e400000| Untracked |  0
|  87|0x000000070e600000, 0x000000070e600000, 0x000000070e800000|  0%| F|  |TAMS 0x000000070e600000| PB 0x000000070e600000| Untracked |  0
|  88|0x000000070e800000, 0x000000070e800000, 0x000000070ea00000|  0%| F|  |TAMS 0x000000070e800000| PB 0x000000070e800000| Untracked |  0
|  89|0x000000070ea00000, 0x000000070ea00000, 0x000000070ec00000|  0%| F|  |TAMS 0x000000070ea00000| PB 0x000000070ea00000| Untracked |  0
|  90|0x000000070ec00000, 0x000000070ec00000, 0x000000070ee00000|  0%| F|  |TAMS 0x000000070ec00000| PB 0x000000070ec00000| Untracked |  0
|  91|0x000000070ee00000, 0x000000070ee00000, 0x000000070f000000|  0%| F|  |TAMS 0x000000070ee00000| PB 0x000000070ee00000| Untracked |  0
|  92|0x000000070f000000, 0x000000070f000000, 0x000000070f200000|  0%| F|  |TAMS 0x000000070f000000| PB 0x000000070f000000| Untracked |  0
|  93|0x000000070f200000, 0x000000070f200000, 0x000000070f400000|  0%| F|  |TAMS 0x000000070f200000| PB 0x000000070f200000| Untracked |  0
|  94|0x000000070f400000, 0x000000070f400000, 0x000000070f600000|  0%| F|  |TAMS 0x000000070f400000| PB 0x000000070f400000| Untracked |  0
|  95|0x000000070f600000, 0x000000070f600000, 0x000000070f800000|  0%| F|  |TAMS 0x000000070f600000| PB 0x000000070f600000| Untracked |  0
|  96|0x000000070f800000, 0x000000070f800000, 0x000000070fa00000|  0%| F|  |TAMS 0x000000070f800000| PB 0x000000070f800000| Untracked |  0
|  97|0x000000070fa00000, 0x000000070fa00000, 0x000000070fc00000|  0%| F|  |TAMS 0x000000070fa00000| PB 0x000000070fa00000| Untracked |  0
|  98|0x000000070fc00000, 0x000000070fc00000, 0x000000070fe00000|  0%| F|  |TAMS 0x000000070fc00000| PB 0x000000070fc00000| Untracked |  0
|  99|0x000000070fe00000, 0x000000070fe00000, 0x0000000710000000|  0%| F|  |TAMS 0x000000070fe00000| PB 0x000000070fe00000| Untracked |  0
| 100|0x0000000710000000, 0x0000000710000000, 0x0000000710200000|  0%| F|  |TAMS 0x0000000710000000| PB 0x0000000710000000| Untracked |  0
| 101|0x0000000710200000, 0x0000000710200000, 0x0000000710400000|  0%| F|  |TAMS 0x0000000710200000| PB 0x0000000710200000| Untracked |  0
| 102|0x0000000710400000, 0x0000000710400000, 0x0000000710600000|  0%| F|  |TAMS 0x0000000710400000| PB 0x0000000710400000| Untracked |  0
| 103|0x0000000710600000, 0x0000000710800000, 0x0000000710800000|100%| E|  |TAMS 0x0000000710600000| PB 0x0000000710600000| Complete |  0
| 104|0x0000000710800000, 0x0000000710a00000, 0x0000000710a00000|100%| E|CS|TAMS 0x0000000710800000| PB 0x0000000710800000| Complete |  0
| 105|0x0000000710a00000, 0x0000000710c00000, 0x0000000710c00000|100%| E|  |TAMS 0x0000000710a00000| PB 0x0000000710a00000| Complete |  0
| 106|0x0000000710c00000, 0x0000000710e00000, 0x0000000710e00000|100%| E|CS|TAMS 0x0000000710c00000| PB 0x0000000710c00000| Complete |  0
| 107|0x0000000710e00000, 0x0000000711000000, 0x0000000711000000|100%| E|CS|TAMS 0x0000000710e00000| PB 0x0000000710e00000| Complete |  0
| 108|0x0000000711000000, 0x0000000711200000, 0x0000000711200000|100%| E|CS|TAMS 0x0000000711000000| PB 0x0000000711000000| Complete |  0
| 109|0x0000000711200000, 0x0000000711400000, 0x0000000711400000|100%| E|CS|TAMS 0x0000000711200000| PB 0x0000000711200000| Complete |  0
| 110|0x0000000711400000, 0x0000000711600000, 0x0000000711600000|100%| E|CS|TAMS 0x0000000711400000| PB 0x0000000711400000| Complete |  0
| 111|0x0000000711600000, 0x0000000711800000, 0x0000000711800000|100%| E|CS|TAMS 0x0000000711600000| PB 0x0000000711600000| Complete |  0
| 112|0x0000000711800000, 0x0000000711a00000, 0x0000000711a00000|100%| E|CS|TAMS 0x0000000711800000| PB 0x0000000711800000| Complete |  0
| 113|0x0000000711a00000, 0x0000000711c00000, 0x0000000711c00000|100%| E|CS|TAMS 0x0000000711a00000| PB 0x0000000711a00000| Complete |  0
| 114|0x0000000711c00000, 0x0000000711e00000, 0x0000000711e00000|100%| E|CS|TAMS 0x0000000711c00000| PB 0x0000000711c00000| Complete |  0
| 115|0x0000000711e00000, 0x0000000712000000, 0x0000000712000000|100%| E|CS|TAMS 0x0000000711e00000| PB 0x0000000711e00000| Complete |  0
| 116|0x0000000712000000, 0x0000000712200000, 0x0000000712200000|100%| E|CS|TAMS 0x0000000712000000| PB 0x0000000712000000| Complete |  0
| 117|0x0000000712200000, 0x0000000712400000, 0x0000000712400000|100%| E|CS|TAMS 0x0000000712200000| PB 0x0000000712200000| Complete |  0
| 118|0x0000000712400000, 0x0000000712600000, 0x0000000712600000|100%| E|CS|TAMS 0x0000000712400000| PB 0x0000000712400000| Complete |  0
| 119|0x0000000712600000, 0x0000000712800000, 0x0000000712800000|100%| E|CS|TAMS 0x0000000712600000| PB 0x0000000712600000| Complete |  0
| 120|0x0000000712800000, 0x0000000712a00000, 0x0000000712a00000|100%| E|CS|TAMS 0x0000000712800000| PB 0x0000000712800000| Complete |  0
| 121|0x0000000712a00000, 0x0000000712c00000, 0x0000000712c00000|100%| E|CS|TAMS 0x0000000712a00000| PB 0x0000000712a00000| Complete |  0
| 122|0x0000000712c00000, 0x0000000712e00000, 0x0000000712e00000|100%| E|CS|TAMS 0x0000000712c00000| PB 0x0000000712c00000| Complete |  0
| 123|0x0000000712e00000, 0x0000000713000000, 0x0000000713000000|100%| E|CS|TAMS 0x0000000712e00000| PB 0x0000000712e00000| Complete |  0
| 124|0x0000000713000000, 0x0000000713200000, 0x0000000713200000|100%| E|CS|TAMS 0x0000000713000000| PB 0x0000000713000000| Complete |  0
| 125|0x0000000713200000, 0x0000000713400000, 0x0000000713400000|100%| E|CS|TAMS 0x0000000713200000| PB 0x0000000713200000| Complete |  0
| 126|0x0000000713400000, 0x0000000713600000, 0x0000000713600000|100%| E|CS|TAMS 0x0000000713400000| PB 0x0000000713400000| Complete |  0

Card table byte_map: [0x0000026bfe5e0000,0x0000026bfedd0000] _byte_map_base: 0x0000026bfadc4000

Marking Bits: (CMBitMap*) 0x0000026be6828340
 Bits: [0x0000026b80000000, 0x0000026b83f20000)

Polling page: 0x0000026be46b0000

Metaspace:

Usage:
  Non-class:      7.64 MB used.
      Class:    721.23 KB used.
       Both:      8.34 MB used.

Virtual space:
  Non-class space:       64.00 MB reserved,       7.75 MB ( 12%) committed,  1 nodes.
      Class space:        1.00 GB reserved,     832.00 KB ( <1%) committed,  1 nodes.
             Both:        1.06 GB reserved,       8.56 MB ( <1%) committed. 

Chunk freelists:
   Non-Class:  8.08 MB
       Class:  15.22 MB
        Both:  23.30 MB

MaxMetaspaceSize: unlimited
CompressedClassSpaceSize: 1.00 GB
Initial GC threshold: 21.00 MB
Current GC threshold: 21.00 MB
CDS: on
 - commit_granule_bytes: 65536.
 - commit_granule_words: 8192.
 - virtual_space_node_default_size: 8388608.
 - enlarge_chunks_in_place: 1.
 - use_allocation_guard: 0.


Internal statistics:

num_allocs_failed_limit: 0.
num_arena_births: 198.
num_arena_deaths: 0.
num_vsnodes_births: 2.
num_vsnodes_deaths: 0.
num_space_committed: 136.
num_space_uncommitted: 0.
num_chunks_returned_to_freelist: 0.
num_chunks_taken_from_freelist: 343.
num_chunk_merges: 0.
num_chunk_splits: 210.
num_chunks_enlarged: 103.
num_inconsistent_stats: 0.

CodeHeap 'non-profiled nmethods': size=120000Kb used=1152Kb max_used=1152Kb free=118848Kb
 bounds [0x0000026bf6590000, 0x0000026bf6800000, 0x0000026bfdac0000]
CodeHeap 'profiled nmethods': size=120000Kb used=3712Kb max_used=3712Kb free=116287Kb
 bounds [0x0000026beeac0000, 0x0000026beee70000, 0x0000026bf5ff0000]
CodeHeap 'non-nmethods': size=5760Kb used=1666Kb max_used=1716Kb free=4093Kb
 bounds [0x0000026bf5ff0000, 0x0000026bf6260000, 0x0000026bf6590000]
 total_blobs=2801 nmethods=2092 adapters=614
 compilation: enabled
              stopped_count=0, restarted_count=0
 full_count=0

Compilation events (20 events):
Event: 5.701 Thread 0x0000026bff998300 2082       3       java.lang.invoke.LambdaFormEditor$TransformKey::packedBytes (30 bytes)
Event: 5.701 Thread 0x0000026bff998300 nmethod 2082 0x0000026beee5b410 code [0x0000026beee5b5a0, 0x0000026beee5b6a8]
Event: 5.702 Thread 0x0000026bff987410 nmethod 2074 0x0000026bf66af190 code [0x0000026bf66af320, 0x0000026bf66af6a8]
Event: 5.702 Thread 0x0000026bff998300 2084       3       java.lang.invoke.LambdaForm::useCount (61 bytes)
Event: 5.702 Thread 0x0000026bff998300 nmethod 2084 0x0000026beee5b710 code [0x0000026beee5b8e0, 0x0000026beee5bc28]
Event: 5.702 Thread 0x0000026bff998300 2085       3       jdk.internal.org.objectweb.asm.Frame::<init> (10 bytes)
Event: 5.702 Thread 0x0000026bff998300 nmethod 2085 0x0000026beee5be10 code [0x0000026beee5bfa0, 0x0000026beee5c160]
Event: 5.702 Thread 0x0000026bff998300 2086       3       jdk.internal.org.objectweb.asm.MethodWriter::visitMethodInsn (191 bytes)
Event: 5.703 Thread 0x0000026bff987410 2088       4       java.lang.String::getBytes (44 bytes)
Event: 5.703 Thread 0x0000026bff998300 nmethod 2086 0x0000026beee5c210 code [0x0000026beee5c440, 0x0000026beee5cbc8]
Event: 5.703 Thread 0x0000026bff998300 2087       3       jdk.internal.org.objectweb.asm.SymbolTable::addConstantMethodref (24 bytes)
Event: 5.703 Thread 0x0000026bff998300 nmethod 2087 0x0000026beee5cf10 code [0x0000026beee5d0c0, 0x0000026beee5d280]
Event: 5.704 Thread 0x0000026bff987410 nmethod 2088 0x0000026bf66afa10 code [0x0000026bf66afba0, 0x0000026bf66afe50]
Event: 5.714 Thread 0x0000026bff998300 2089   !   3       jdk.internal.loader.URLClassPath$JarLoader::checkResource (73 bytes)
Event: 5.715 Thread 0x0000026bff998300 nmethod 2089 0x0000026beee5d390 code [0x0000026beee5d5e0, 0x0000026beee5df28]
Event: 5.715 Thread 0x0000026bff998300 2090   !   3       java.util.zip.ZipFile$ZipFileInputStream::read (135 bytes)
Event: 5.715 Thread 0x0000026bff998300 nmethod 2090 0x0000026beee5e310 code [0x0000026beee5e540, 0x0000026beee5ebf0]
Event: 5.715 Thread 0x0000026bff998300 2091       3       java.util.zip.ZipFile::ensureOpenOrZipException (19 bytes)
Event: 5.716 Thread 0x0000026bff998300 nmethod 2091 0x0000026beee5ef90 code [0x0000026beee5f140, 0x0000026beee5f318]
Event: 5.716 Thread 0x0000026bff998300 2092       3       java.util.zip.ZipFile$ZipFileInputStream::initDataOffset (117 bytes)

GC Heap History (8 events):
Event: 1.933 GC heap before
{Heap before GC invocations=0 (full 0):
 garbage-first heap   total reserved 4136960K, committed 260096K, used 43008K [0x0000000703800000, 0x0000000800000000)
  region size 2048K, 12 young (24576K), 0 survivors (0K)
 Metaspace       used 7142K, committed 7424K, reserved 1114112K
  class space    used 599K, committed 768K, reserved 1048576K
}
Event: 1.937 GC heap after
{Heap after GC invocations=1 (full 0):
 garbage-first heap   total reserved 4136960K, committed 260096K, used 4245K [0x0000000703800000, 0x0000000800000000)
  region size 2048K, 2 young (4096K), 2 survivors (4096K)
 Metaspace       used 7142K, committed 7424K, reserved 1114112K
  class space    used 599K, committed 768K, reserved 1048576K
}
Event: 2.400 GC heap before
{Heap before GC invocations=1 (full 0):
 garbage-first heap   total reserved 4136960K, committed 260096K, used 51349K [0x0000000703800000, 0x0000000800000000)
  region size 2048K, 20 young (40960K), 2 survivors (4096K)
 Metaspace       used 8285K, committed 8512K, reserved 1114112K
  class space    used 697K, committed 832K, reserved 1048576K
}
Event: 2.403 GC heap after
{Heap after GC invocations=2 (full 0):
 garbage-first heap   total reserved 4136960K, committed 260096K, used 13060K [0x0000000703800000, 0x0000000800000000)
  region size 2048K, 1 young (2048K), 1 survivors (2048K)
 Metaspace       used 8285K, committed 8512K, reserved 1114112K
  class space    used 697K, committed 832K, reserved 1048576K
}
Event: 2.796 GC heap before
{Heap before GC invocations=2 (full 0):
 garbage-first heap   total reserved 4136960K, committed 260096K, used 203524K [0x0000000703800000, 0x0000000800000000)
  region size 2048K, 76 young (155648K), 1 survivors (2048K)
 Metaspace       used 8345K, committed 8576K, reserved 1114112K
  class space    used 698K, committed 832K, reserved 1048576K
}
Event: 2.797 GC heap after
{Heap after GC invocations=3 (full 0):
 garbage-first heap   total reserved 4136960K, committed 260096K, used 29677K [0x0000000703800000, 0x0000000800000000)
  region size 2048K, 1 young (2048K), 1 survivors (2048K)
 Metaspace       used 8345K, committed 8576K, reserved 1114112K
  class space    used 698K, committed 832K, reserved 1048576K
}
Event: 3.090 GC heap before
{Heap before GC invocations=3 (full 0):
 garbage-first heap   total reserved 4136960K, committed 260096K, used 216045K [0x0000000703800000, 0x0000000800000000)
  region size 2048K, 76 young (155648K), 1 survivors (2048K)
 Metaspace       used 8360K, committed 8576K, reserved 1114112K
  class space    used 698K, committed 832K, reserved 1048576K
}
Event: 3.091 GC heap after
{Heap after GC invocations=4 (full 0):
 garbage-first heap   total reserved 4136960K, committed 260096K, used 27700K [0x0000000703800000, 0x0000000800000000)
  region size 2048K, 1 young (2048K), 1 survivors (2048K)
 Metaspace       used 8360K, committed 8576K, reserved 1114112K
  class space    used 698K, committed 832K, reserved 1048576K
}

Dll operation events (17 events):
Event: 0.013 Loaded shared library D:\intellij-idea-portable\jdk-22.0.2\bin\java.dll
Event: 0.042 Loaded shared library D:\intellij-idea-portable\jdk-22.0.2\bin\jsvml.dll
Event: 0.086 Loaded shared library D:\intellij-idea-portable\jdk-22.0.2\bin\zip.dll
Event: 0.088 Loaded shared library D:\intellij-idea-portable\jdk-22.0.2\bin\instrument.dll
Event: 0.092 Loaded shared library D:\intellij-idea-portable\jdk-22.0.2\bin\net.dll
Event: 0.094 Loaded shared library D:\intellij-idea-portable\jdk-22.0.2\bin\nio.dll
Event: 0.098 Loaded shared library D:\intellij-idea-portable\jdk-22.0.2\bin\zip.dll
Event: 0.112 Loaded shared library D:\intellij-idea-portable\app\bin\breakgen64.dll
Event: 0.119 Loaded shared library D:\intellij-idea-portable\jdk-22.0.2\bin\extnet.dll
Event: 0.120 Loaded shared library D:\intellij-idea-portable\jdk-22.0.2\bin\jimage.dll
Event: 0.128 Loaded shared library D:\intellij-idea-portable\jdk-22.0.2\bin\verify.dll
Event: 0.159 Loaded shared library C:\Users\BDA022\Desktop\Astraeus\libs\natives\lwjgl64.dll
Event: 0.799 Loaded shared library D:\intellij-idea-portable\jdk-22.0.2\bin\awt.dll
Event: 0.826 Loaded shared library C:\Users\BDA022\Desktop\Astraeus\libs\natives\jinput-dx8_64.dll
Event: 0.865 Loaded shared library C:\Users\BDA022\Desktop\Astraeus\libs\natives\jinput-raw_64.dll
Event: 1.308 Loaded shared library D:\intellij-idea-portable\jdk-22.0.2\bin\freetype.dll
Event: 1.309 Loaded shared library D:\intellij-idea-portable\jdk-22.0.2\bin\fontmanager.dll

Deoptimization events (20 events):
Event: 2.456 Thread 0x0000026be67bfa40 DEOPT PACKING pc=0x0000026bf65af1d0 sp=0x000000ff7aefeb60
Event: 2.456 Thread 0x0000026be67bfa40 DEOPT UNPACKING pc=0x0000026bf60446a2 sp=0x000000ff7aefeaf0 mode 2
Event: 2.456 Thread 0x0000026be67bfa40 Uncommon trap: trap_request=0xffffffc6 fr.pc=0x0000026bf65af1d0 relative=0x0000000000000470
Event: 2.456 Thread 0x0000026be67bfa40 Uncommon trap: reason=bimorphic_or_optimized_type_check action=maybe_recompile pc=0x0000026bf65af1d0 method=java.util.concurrent.ConcurrentHashMap.get(Ljava/lang/Object;)Ljava/lang/Object; @ 149 c2
Event: 2.456 Thread 0x0000026be67bfa40 DEOPT PACKING pc=0x0000026bf65af1d0 sp=0x000000ff7aefeb60
Event: 2.456 Thread 0x0000026be67bfa40 DEOPT UNPACKING pc=0x0000026bf60446a2 sp=0x000000ff7aefeaf0 mode 2
Event: 3.338 Thread 0x0000026be67bfa40 DEOPT PACKING pc=0x0000026beec4e1f4 sp=0x000000ff7aefe8b0
Event: 3.338 Thread 0x0000026be67bfa40 DEOPT UNPACKING pc=0x0000026bf6044e42 sp=0x000000ff7aefde30 mode 0
Event: 3.351 Thread 0x0000026be67bfa40 DEOPT PACKING pc=0x0000026beec4e215 sp=0x000000ff7aefe8b0
Event: 3.351 Thread 0x0000026be67bfa40 DEOPT UNPACKING pc=0x0000026bf6044e42 sp=0x000000ff7aefde30 mode 0
Event: 3.356 Thread 0x0000026be67bfa40 DEOPT PACKING pc=0x0000026beec4e1f4 sp=0x000000ff7aefe8b0
Event: 3.357 Thread 0x0000026be67bfa40 DEOPT UNPACKING pc=0x0000026bf6044e42 sp=0x000000ff7aefde30 mode 0
Event: 3.370 Thread 0x0000026be67bfa40 DEOPT PACKING pc=0x0000026beec4e215 sp=0x000000ff7aefe8b0
Event: 3.370 Thread 0x0000026be67bfa40 DEOPT UNPACKING pc=0x0000026bf6044e42 sp=0x000000ff7aefde30 mode 0
Event: 3.410 Thread 0x0000026be67bfa40 DEOPT PACKING pc=0x0000026beec4e215 sp=0x000000ff7aefe920
Event: 3.410 Thread 0x0000026be67bfa40 DEOPT UNPACKING pc=0x0000026bf6044e42 sp=0x000000ff7aefdea0 mode 0
Event: 5.692 Thread 0x0000026be67bfa40 Uncommon trap: trap_request=0xffffff45 fr.pc=0x0000026bf65b7f08 relative=0x0000000000001a88
Event: 5.692 Thread 0x0000026be67bfa40 Uncommon trap: reason=unstable_if action=reinterpret pc=0x0000026bf65b7f08 method=jdk.internal.jimage.ImageLocation.verifyName(Ljava/lang/String;Ljava/lang/String;IIIIIILjdk/internal/jimage/ImageStrings;)Z @ 27 c2
Event: 5.692 Thread 0x0000026be67bfa40 DEOPT PACKING pc=0x0000026bf65b7f08 sp=0x000000ff7aefc5a0
Event: 5.692 Thread 0x0000026be67bfa40 DEOPT UNPACKING pc=0x0000026bf60446a2 sp=0x000000ff7aefc4f8 mode 2

Classes loaded (20 events):
Event: 2.290 Loading class sun/java2d/pipe/RegionSpanIterator
Event: 2.290 Loading class sun/java2d/pipe/SpanIterator
Event: 2.290 Loading class sun/java2d/pipe/SpanIterator done
Event: 2.290 Loading class sun/java2d/pipe/RegionSpanIterator done
Event: 2.769 Loading class sun/font/StrikeCache$WeakDisposerRef
Event: 2.769 Loading class sun/font/StrikeCache$WeakDisposerRef done
Event: 3.212 Loading class sun/awt/AppContext
Event: 3.215 Loading class sun/awt/AppContext done
Event: 3.215 Loading class sun/awt/AppContext$GetAppContextLock
Event: 3.215 Loading class sun/awt/AppContext$GetAppContextLock done
Event: 3.215 Loading class sun/awt/AppContext$6
Event: 3.216 Loading class jdk/internal/access/JavaAWTAccess
Event: 3.217 Loading class jdk/internal/access/JavaAWTAccess done
Event: 3.217 Loading class sun/awt/AppContext$6 done
Event: 3.217 Loading class java/util/IdentityHashMap$ValueIterator
Event: 3.218 Loading class java/util/IdentityHashMap$ValueIterator done
Event: 5.702 Loading class java/lang/ClassFormatError
Event: 5.702 Loading class java/lang/ClassFormatError done
Event: 5.703 Loading class java/lang/reflect/InaccessibleObjectException
Event: 5.703 Loading class java/lang/reflect/InaccessibleObjectException done

Classes unloaded (0 events):
No events

Classes redefined (0 events):
No events

Internal exceptions (13 events):
Event: 0.107 Thread 0x0000026be67bfa40 Exception <a 'java/lang/NoSuchMethodError'{0x000000071335db28}: 'void java.lang.invoke.DirectMethodHandle$Holder.invokeStatic(java.lang.Object, java.lang.Object, java.lang.Object)'> (0x000000071335db28) 
thrown [s\open\src\hotspot\share\interpreter\linkResolver.cpp, line 774]
Event: 0.110 Thread 0x0000026be67bfa40 Exception <a 'java/lang/NoSuchMethodError'{0x0000000713375808}: 'java.lang.Object java.lang.invoke.Invokers$Holder.invokeExact_MT(java.lang.Object, java.lang.Object, java.lang.Object, java.lang.Object, java.lang.Object)'> (0x0000000713375808) 
thrown [s\open\src\hotspot\share\interpreter\linkResolver.cpp, line 774]
Event: 0.120 Thread 0x0000026bffc7a830 Exception <a 'java/lang/NoSuchMethodError'{0x00000007133f4858}: 'void java.lang.invoke.DirectMethodHandle$Holder.invokeStatic(java.lang.Object, java.lang.Object)'> (0x00000007133f4858) 
thrown [s\open\src\hotspot\share\interpreter\linkResolver.cpp, line 774]
Event: 0.319 Thread 0x0000026be67bfa40 Exception <a 'java/lang/NoSuchMethodError'{0x0000000712e59900}: 'int java.lang.invoke.Invokers$Holder.invokeExact_MT(java.lang.Object, java.lang.Object)'> (0x0000000712e59900) 
thrown [s\open\src\hotspot\share\interpreter\linkResolver.cpp, line 774]
Event: 1.009 Thread 0x0000026bff978c80 Exception <a 'java/lang/NoSuchMethodError'{0x0000000712bdfea8}: 'java.lang.Object java.lang.invoke.Invokers$Holder.invokeExact_MT(java.lang.Object, java.lang.Object, java.lang.Object, java.lang.Object, java.lang.Object, java.lang.Object)'> (0x0000000712bdfea8) 
thrown [s\open\src\hotspot\share\interpreter\linkResolver.cpp, line 774]
Event: 1.256 Thread 0x0000026be67bfa40 Exception <a 'java/lang/ClassNotFoundException'{0x000000071260cf68}: sun/awt/resources/spi/awtProvider> (0x000000071260cf68) 
thrown [s\open\src\hotspot\share\classfile\systemDictionary.cpp, line 313]
Event: 1.260 Thread 0x0000026be67bfa40 Exception <a 'java/io/FileNotFoundException'{0x00000007126232d8}> (0x00000007126232d8) 
thrown [s\open\src\hotspot\share\prims\jni.cpp, line 520]
Event: 1.264 Thread 0x0000026be67bfa40 Exception <a 'java/io/FileNotFoundException'{0x000000071264d938}> (0x000000071264d938) 
thrown [s\open\src\hotspot\share\prims\jni.cpp, line 520]
Event: 1.289 Thread 0x0000026be67bfa40 Exception <a 'java/lang/NoSuchMethodError'{0x000000071269b3c0}: 'java.lang.Object java.lang.invoke.DirectMethodHandle$Holder.invokeStaticInit(java.lang.Object, int, int, int, int)'> (0x000000071269b3c0) 
thrown [s\open\src\hotspot\share\interpreter\linkResolver.cpp, line 774]
Event: 1.299 Thread 0x0000026be67bfa40 Exception <a 'java/lang/NoSuchMethodError'{0x00000007126b4940}: 'java.lang.Object java.lang.invoke.DirectMethodHandle$Holder.invokeStaticInit(java.lang.Object, java.lang.Object, int, int, int, int)'> (0x00000007126b4940) 
thrown [s\open\src\hotspot\share\interpreter\linkResolver.cpp, line 774]
Event: 2.267 Thread 0x0000026be67bfa40 Exception <a 'java/lang/NoSuchMethodError'{0x00000007130f3418}: 'java.lang.Object java.lang.invoke.DirectMethodHandle$Holder.invokeSpecial(java.lang.Object, java.lang.Object, java.lang.Object, java.lang.Object, java.lang.Object, java.lang.Object, int)'> (0x00000007130f3418) 
thrown [s\open\src\hotspot\share\interpreter\linkResolver.cpp, line 774]
Event: 5.702 Thread 0x0000026be67bfa40 Exception <a 'java/lang/NoSuchMethodError'{0x00000007107a5060}: 'java.lang.Object java.lang.invoke.DirectMethodHandle$Holder.invokeInterface(java.lang.Object, java.lang.Object)'> (0x00000007107a5060) 
thrown [s\open\src\hotspot\share\interpreter\linkResolver.cpp, line 774]
Event: 5.702 Thread 0x0000026be67bfa40 Exception <a 'java/lang/IncompatibleClassChangeError'{0x00000007107a8588}: Found class java.lang.Object, but interface was expected> (0x00000007107a8588) 
thrown [s\open\src\hotspot\share\interpreter\linkResolver.cpp, line 841]

ZGC Phase Switch (0 events):
No events

VM Operations (20 events):
Event: 1.502 Executing VM operation: HandshakeAllThreads (Deoptimize)
Event: 1.502 Executing VM operation: HandshakeAllThreads (Deoptimize) done
Event: 1.933 Executing VM operation: G1CollectForAllocation (G1 Evacuation Pause)
Event: 1.937 Executing VM operation: G1CollectForAllocation (G1 Evacuation Pause) done
Event: 2.272 Executing VM operation: HandshakeAllThreads (Deoptimize)
Event: 2.272 Executing VM operation: HandshakeAllThreads (Deoptimize) done
Event: 2.287 Executing VM operation: HandshakeAllThreads (Deoptimize)
Event: 2.287 Executing VM operation: HandshakeAllThreads (Deoptimize) done
Event: 2.400 Executing VM operation: G1CollectForAllocation (G1 Evacuation Pause)
Event: 2.403 Executing VM operation: G1CollectForAllocation (G1 Evacuation Pause) done
Event: 2.796 Executing VM operation: G1CollectForAllocation (G1 Evacuation Pause)
Event: 2.797 Executing VM operation: G1CollectForAllocation (G1 Evacuation Pause) done
Event: 3.090 Executing VM operation: G1CollectForAllocation (G1 Evacuation Pause)
Event: 3.091 Executing VM operation: G1CollectForAllocation (G1 Evacuation Pause) done
Event: 4.092 Executing VM operation: Cleanup
Event: 4.092 Executing VM operation: Cleanup done
Event: 5.701 Executing VM operation: HandshakeAllThreads (Deoptimize)
Event: 5.701 Executing VM operation: HandshakeAllThreads (Deoptimize) done
Event: 5.701 Executing VM operation: Cleanup
Event: 5.701 Executing VM operation: Cleanup done

Memory protections (0 events):
No events

Nmethod flushes (0 events):
No events

Events (20 events):
Event: 0.041 Thread 0x0000026be67bfa40 Thread added: 0x0000026bff998300
Event: 0.068 Thread 0x0000026be67bfa40 Thread added: 0x0000026bffa83bf0
Event: 0.113 Thread 0x0000026be67bfa40 Thread added: 0x0000026bffc7a830
Event: 0.118 Thread 0x0000026be67bfa40 Thread added: 0x0000026bffc88e90
Event: 0.199 Thread 0x0000026bff998300 Thread added: 0x0000026bffceccc0
Event: 0.519 Thread 0x0000026bffceccc0 Thread exited: 0x0000026bffceccc0
Event: 0.814 Thread 0x0000026bff998300 Thread added: 0x0000026c4bba11e0
Event: 0.883 Thread 0x0000026be67bfa40 Thread added: 0x0000026c4be0e0b0
Event: 1.251 Thread 0x0000026be67bfa40 Thread added: 0x0000026c4be88750
Event: 1.314 Thread 0x0000026be67bfa40 Thread added: 0x0000026c4baa7940
Event: 1.483 Thread 0x0000026c4bba11e0 Thread exited: 0x0000026c4bba11e0
Event: 1.760 Thread 0x0000026bff998300 Thread added: 0x0000026c4bf69080
Event: 1.774 Thread 0x0000026bff998300 Thread added: 0x0000026c4bf69750
Event: 2.069 Thread 0x0000026c4bf69750 Thread exited: 0x0000026c4bf69750
Event: 2.102 Thread 0x0000026be67bfa40 Thread added: 0x0000026c4c36b570
Event: 2.103 Thread 0x0000026be67bfa40 Thread added: 0x0000026c4bf79c90
Event: 2.232 Thread 0x0000026c4bf69080 Thread exited: 0x0000026c4bf69080
Event: 2.301 Thread 0x0000026bff998300 Thread added: 0x0000026c4bf69080
Event: 3.218 Thread 0x0000026c4c36b570 Thread exited: 0x0000026c4c36b570
Event: 3.324 Thread 0x0000026c4bf69080 Thread exited: 0x0000026c4bf69080


Dynamic libraries:
0x00007ff79c540000 - 0x00007ff79c54e000 	D:\intellij-idea-portable\jdk-22.0.2\bin\java.exe
0x0000026be4370000 - 0x0000026be4568000 	C:\windows\SYSTEM32\ntd1l.dll
0x0000026be4570000 - 0x0000026be4632000 	C:\windows\System32\kern3l32.dll
0x00007ffab99f0000 - 0x00007ffab9be8000 	C:\windows\SYSTEM32\ntdll.dll
0x00007ffab9880000 - 0x00007ffab9942000 	C:\windows\System32\KERNEL32.DLL
0x00007ffab7430000 - 0x00007ffab772f000 	C:\windows\System32\KERNELBASE.dll
0x00007ffab6a60000 - 0x00007ffab6e76000 	C:\Program Files\SentinelOne\Sentinel Agent 24.1.4.257\InProcessClient64.dll
0x00007ffab87c0000 - 0x00007ffab8871000 	C:\windows\System32\ADVAPI32.dll
0x00007ffab7b30000 - 0x00007ffab7bce000 	C:\windows\System32\msvcrt.dll
0x00007ffab82b0000 - 0x00007ffab834f000 	C:\windows\System32\sechost.dll
0x00007ffab8690000 - 0x00007ffab87b3000 	C:\windows\System32\RPCRT4.dll
0x00007ffab71e0000 - 0x00007ffab7207000 	C:\windows\System32\bcrypt.dll
0x00007ffab77e0000 - 0x00007ffab78e0000 	C:\windows\System32\ucrtbase.dll
0x00007ffab3cc0000 - 0x00007ffab3cd7000 	D:\intellij-idea-portable\jdk-22.0.2\bin\jli.dll
0x00007ffab3ce0000 - 0x00007ffab3cfb000 	D:\intellij-idea-portable\jdk-22.0.2\bin\VCRUNTIME140.dll
0x00007ffab9050000 - 0x00007ffab91ed000 	C:\windows\System32\USER32.dll
0x00007ffa9e640000 - 0x00007ffa9e8da000 	C:\windows\WinSxS\amd64_microsoft.windows.common-controls_6595b64144ccf1df_6.0.19041.4355_none_60b8b9eb71f62e16\COMCTL32.dll
0x00007ffab7320000 - 0x00007ffab7342000 	C:\windows\System32\win32u.dll
0x00007ffab8660000 - 0x00007ffab868b000 	C:\windows\System32\GDI32.dll
0x00007ffab78e0000 - 0x00007ffab79f7000 	C:\windows\System32\gdi32full.dll
0x00007ffab7280000 - 0x00007ffab731d000 	C:\windows\System32\msvcp_win.dll
0x00007ffab6990000 - 0x00007ffab699a000 	C:\windows\SYSTEM32\VERSION.dll
0x00007ffab6980000 - 0x00007ffab698b000 	C:\windows\SYSTEM32\FLTLIB.DLL
0x00007ffab9020000 - 0x00007ffab904f000 	C:\windows\System32\IMM32.DLL
0x00007ffab3fe0000 - 0x00007ffab3fec000 	D:\intellij-idea-portable\jdk-22.0.2\bin\vcruntime140_1.dll
0x00007ffaaf680000 - 0x00007ffaaf70e000 	D:\intellij-idea-portable\jdk-22.0.2\bin\msvcp140.dll
0x00007ffa42f80000 - 0x00007ffa43cc9000 	D:\intellij-idea-portable\jdk-22.0.2\bin\server\jvm.dll
0x00007ffab8350000 - 0x00007ffab83bb000 	C:\windows\System32\WS2_32.dll
0x00007ffab6a10000 - 0x00007ffab6a5b000 	C:\windows\SYSTEM32\POWRPROF.dll
0x00007ffaa20c0000 - 0x00007ffaa20e7000 	C:\windows\SYSTEM32\WINMM.dll
0x00007ffab67b0000 - 0x00007ffab67c2000 	C:\windows\SYSTEM32\UMPDC.dll
0x00007ffab47f0000 - 0x00007ffab4802000 	C:\windows\SYSTEM32\kernel.appcore.dll
0x00007ffab3f20000 - 0x00007ffab3f2a000 	D:\intellij-idea-portable\jdk-22.0.2\bin\jimage.dll
0x00007ffaaf120000 - 0x00007ffaaf304000 	C:\windows\SYSTEM32\DBGHELP.DLL
0x00007ffa8c220000 - 0x00007ffa8c254000 	C:\windows\SYSTEM32\dbgcore.DLL
0x00007ffab73a0000 - 0x00007ffab7422000 	C:\windows\System32\bcryptPrimitives.dll
0x00007ffab0b60000 - 0x00007ffab0b6f000 	D:\intellij-idea-portable\jdk-22.0.2\bin\instrument.dll
0x00007ffab3c70000 - 0x00007ffab3c8e000 	D:\intellij-idea-portable\jdk-22.0.2\bin\java.dll
0x00007ffab88b0000 - 0x00007ffab901e000 	C:\windows\System32\SHELL32.dll
0x00007ffab83c0000 - 0x00007ffab84eb000 	C:\windows\System32\ole32.dll
0x00007ffab7f50000 - 0x00007ffab82a5000 	C:\windows\System32\combase.dll
0x00007ffa48ac0000 - 0x00007ffa48b6d000 	C:\Program Files\SentinelOne\Sentinel Agent 24.1.4.257\SentinelJava64.dll
0x00007ffab84f0000 - 0x00007ffab8545000 	C:\windows\System32\SHLWAPI.dll
0x00007ffab49f0000 - 0x00007ffab5194000 	C:\windows\SYSTEM32\windows.storage.dll
0x00007ffab6600000 - 0x00007ffab662f000 	C:\windows\SYSTEM32\Wldp.dll
0x00007ffab7e80000 - 0x00007ffab7f4d000 	C:\windows\System32\OLEAUT32.dll
0x00007ffab85b0000 - 0x00007ffab865d000 	C:\windows\System32\SHCORE.dll
0x00007ffab6fb0000 - 0x00007ffab6fd4000 	C:\windows\SYSTEM32\profapi.dll
0x00007ffaad6c0000 - 0x00007ffaad797000 	D:\intellij-idea-portable\jdk-22.0.2\bin\jsvml.dll
0x00007ffab00e0000 - 0x00007ffab00f7000 	D:\intellij-idea-portable\jdk-22.0.2\bin\zip.dll
0x00007ffab0b70000 - 0x00007ffab0b80000 	D:\intellij-idea-portable\jdk-22.0.2\bin\net.dll
0x00007ffab6300000 - 0x00007ffab636a000 	C:\windows\system32\mswsock.dll
0x00007ffab0650000 - 0x00007ffab0666000 	D:\intellij-idea-portable\jdk-22.0.2\bin\nio.dll
0x00007ffab0070000 - 0x00007ffab008a000 	D:\intellij-idea-portable\app\bin\breakgen64.dll
0x00007ffaaf660000 - 0x00007ffaaf669000 	D:\intellij-idea-portable\jdk-22.0.2\bin\extnet.dll
0x00007ffaaf650000 - 0x00007ffaaf660000 	D:\intellij-idea-portable\jdk-22.0.2\bin\verify.dll
0x0000000180000000 - 0x0000000180053000 	C:\Users\BDA022\Desktop\Astraeus\libs\natives\lwjgl64.dll
0x00007ffa8be30000 - 0x00007ffa8bf58000 	C:\windows\SYSTEM32\OPENGL32.dll
0x00007ffa9a810000 - 0x00007ffa9a83c000 	C:\windows\SYSTEM32\GLU32.dll
0x00007ffaaea00000 - 0x00007ffaaeaae000 	C:\windows\SYSTEM32\mscms.dll
0x00007ffab6f70000 - 0x00007ffab6f9e000 	C:\windows\SYSTEM32\USERENV.dll
0x00007ffaae9e0000 - 0x00007ffaae9f1000 	C:\windows\SYSTEM32\ColorAdapterClient.dll
0x00007ffab7cb0000 - 0x00007ffab7d59000 	C:\windows\System32\clbcatq.dll
0x00007ffaad670000 - 0x00007ffaad6b3000 	C:\Windows\System32\Windows.Internal.Graphics.Display.DisplayColorManagement.dll
0x00007ffab7350000 - 0x00007ffab739e000 	C:\windows\System32\cfgmgr32.dll
0x00007ffab4400000 - 0x00007ffab449e000 	C:\windows\system32\uxtheme.dll
0x00007ffab7d60000 - 0x00007ffab7e75000 	C:\windows\System32\MSCTF.dll
0x00007ffab1630000 - 0x00007ffab1732000 	C:\Windows\System32\AppXDeploymentClient.dll
0x00007ffa288b0000 - 0x00007ffa2b3d3000 	C:\windows\System32\DriverStore\FileRepository\nvhdc.inf_amd64_3142914239be99ea\nvoglv64.dll
0x00007ffab9400000 - 0x00007ffab9871000 	C:\windows\System32\SETUPAPI.dll
0x00007ffab34f0000 - 0x00007ffab3504000 	C:\windows\SYSTEM32\WTSAPI32.dll
0x00007ffab6790000 - 0x00007ffab67a2000 	C:\windows\SYSTEM32\msasn1.dll
0x00007ffaaffb0000 - 0x00007ffaaffe1000 	C:\windows\SYSTEM32\cryptnet.dll
0x00007ffab7080000 - 0x00007ffab71dc000 	C:\windows\System32\CRYPT32.dll
0x00007ffaaf710000 - 0x00007ffaaf857000 	C:\windows\SYSTEM32\drvstore.dll
0x00007ffab69a0000 - 0x00007ffab69d3000 	C:\windows\SYSTEM32\devobj.dll
0x00007ffab6510000 - 0x00007ffab651c000 	C:\windows\SYSTEM32\cryptbase.dll
0x00007ffab7210000 - 0x00007ffab7279000 	C:\windows\System32\WINTRUST.dll
0x00007ffab5e70000 - 0x00007ffab5ea3000 	C:\windows\SYSTEM32\ntmarta.dll
0x00007ffaab850000 - 0x00007ffaab88b000 	C:\windows\SYSTEM32\dxcore.dll
0x00007ffab46e0000 - 0x00007ffab470f000 	C:\windows\SYSTEM32\dwmapi.dll
0x00007ffaae8e0000 - 0x00007ffaae9d9000 	C:\windows\SYSTEM32\textinputframework.dll
0x00007ffab3510000 - 0x00007ffab386b000 	C:\windows\System32\CoreUIComponents.dll
0x00007ffab3920000 - 0x00007ffab3a12000 	C:\windows\System32\CoreMessaging.dll
0x00007ffab2a10000 - 0x00007ffab2b67000 	C:\windows\SYSTEM32\wintypes.dll
0x00007ffa81f30000 - 0x00007ffa81f75000 	C:\windows\SYSTEM32\icm32.dll
0x00007ffab65a0000 - 0x00007ffab65fb000 	C:\windows\SYSTEM32\WINSTA.dll
0x00007ffa6e600000 - 0x00007ffa6e78d000 	D:\intellij-idea-portable\jdk-22.0.2\bin\awt.dll
0x00007ffab3f40000 - 0x00007ffab3fd4000 	C:\windows\SYSTEM32\apphelp.dll
0x0000026c48f70000 - 0x0000026c48f86000 	C:\Users\BDA022\Desktop\Astraeus\libs\natives\jinput-dx8_64.dll
0x00007ffaad620000 - 0x00007ffaad665000 	C:\windows\SYSTEM32\DINPUT8.dll
0x00007ffaae6b0000 - 0x00007ffaae802000 	C:\windows\SYSTEM32\inputhost.dll
0x00007ffab0a10000 - 0x00007ffab0b06000 	C:\windows\SYSTEM32\PROPSYS.dll
0x00007ffab51a0000 - 0x00007ffab51ad000 	C:\windows\SYSTEM32\HID.DLL
0x0000026c48fe0000 - 0x0000026c48ff4000 	C:\Users\BDA022\Desktop\Astraeus\libs\natives\jinput-raw_64.dll
0x00007ffab64f0000 - 0x00007ffab6508000 	C:\windows\SYSTEM32\CRYPTSP.dll
0x00007ffab5b10000 - 0x00007ffab5b44000 	C:\windows\system32\rsaenh.dll
0x00007ffab5fe0000 - 0x00007ffab601b000 	C:\windows\SYSTEM32\IPHLPAPI.DLL
0x00007ffab7a00000 - 0x00007ffab7a08000 	C:\windows\System32\NSI.dll
0x00007ffaa1d20000 - 0x00007ffaa1da7000 	D:\intellij-idea-portable\jdk-22.0.2\bin\freetype.dll
0x00007ffa9a560000 - 0x00007ffa9a637000 	D:\intellij-idea-portable\jdk-22.0.2\bin\fontmanager.dll
0x00007ffaad040000 - 0x00007ffaad211000 	C:\windows\system32\d3d9.dll
0x00007ffaaa740000 - 0x00007ffaaa846000 	C:\windows\System32\DriverStore\FileRepository\nvhdc.inf_amd64_3142914239be99ea\nvldumdx.dll
0x00007ffab8890000 - 0x00007ffab88ad000 	C:\windows\System32\imagehlp.dll
0x00007ffa4f080000 - 0x00007ffa50930000 	C:\windows\System32\DriverStore\FileRepository\nvhdc.inf_amd64_3142914239be99ea\nvd3dumx.dll
0x00007ffab55e0000 - 0x00007ffab5603000 	C:\windows\SYSTEM32\gpapi.dll
0x0000026b99750000 - 0x0000026b997b4000 	C:\Users\BDA022\Desktop\Astraeus\libs\natives\OpenAL64.dll
0x00007ffab0fd0000 - 0x00007ffab1055000 	C:\windows\System32\MMDevApi.dll
0x00007ffa50d10000 - 0x00007ffa50dac000 	C:\windows\SYSTEM32\dsound.dll
0x00007ffa875f0000 - 0x00007ffa87616000 	C:\windows\SYSTEM32\winmmbase.dll
0x00007ffab1060000 - 0x00007ffab11e1000 	C:\windows\SYSTEM32\AUDIOSES.DLL

dbghelp: loaded successfully - version: 4.0.5 - missing functions: none
symbol engine: initialized successfully - sym options: 0x614 - pdb path: .;D:\intellij-idea-portable\jdk-22.0.2\bin;C:\windows\SYSTEM32;C:\Program Files\SentinelOne\Sentinel Agent 24.1.4.257;C:\windows\WinSxS\amd64_microsoft.windows.common-controls_6595b64144ccf1df_6.0.19041.4355_none_60b8b9eb71f62e16;D:\intellij-idea-portable\jdk-22.0.2\bin\server;D:\intellij-idea-portable\app\bin;C:\Users\BDA022\Desktop\Astraeus\libs\natives;C:\windows\System32\DriverStore\FileRepository\nvhdc.inf_amd64_3142914239be99ea

VM Arguments:
jvm_args: -Djava.library.path=C:\Users\BDA022\Desktop\Astraeus\libs\natives -javaagent:D:\intellij-idea-portable\app\lib\idea_rt.jar=57947:D:\intellij-idea-portable\app\bin -Dfile.encoding=UTF-8 -Dsun.stdout.encoding=UTF-8 -Dsun.stderr.encoding=UTF-8 -agentpath:C:\Program Files\SentinelOne\Sentinel Agent 24.1.4.257\SentinelJava64.dll=extendedCapabilities 
java_command: engine.Main
java_class_path (initial): C:\Users\BDA022\Desktop\Astraeus\bin;C:\Users\BDA022\Desktop\Astraeus\libs\lwjgl.jar;C:\Users\BDA022\Desktop\Astraeus\libs\slick.jar;C:\Users\BDA022\Desktop\Astraeus\libs\jinput.jar;C:\Users\BDA022\Desktop\Astraeus\libs\jogg-0.0.7.jar;C:\Users\BDA022\Desktop\Astraeus\libs\jorbis-0.0.15.jar;C:\Users\BDA022\Desktop\Astraeus\libs\ibxm.jar;C:\Users\BDA022\Desktop\Astraeus\libs\jnlp.jar;C:\Users\BDA022\Desktop\Astraeus\libs\lwjgl_util.jar;C:\Users\BDA022\Desktop\Astraeus\libs\lwjgl_util_applet.jar;C:\Users\BDA022\Desktop\Astraeus\libs\natives-linux.jar;C:\Users\BDA022\Desktop\Astraeus\libs\natives-mac.jar;C:\Users\BDA022\Desktop\Astraeus\libs\natives-windows.jar;C:\Users\BDA022\Desktop\Astraeus\libs\slick-examples.jar;C:\Users\BDA022\Desktop\Astraeus\libs\tinylinepp.jar
Launcher Type: SUN_STANDARD

[Global flags]
     intx CICompilerCount                          = 4                                         {product} {ergonomic}
     uint ConcGCThreads                            = 2                                         {product} {ergonomic}
     uint G1ConcRefinementThreads                  = 8                                         {product} {ergonomic}
   size_t G1HeapRegionSize                         = 2097152                                   {product} {ergonomic}
   size_t InitialHeapSize                          = 266338304                                 {product} {ergonomic}
   size_t MarkStackSize                            = 4194304                                   {product} {ergonomic}
   size_t MaxHeapSize                              = 4236247040                                {product} {ergonomic}
   size_t MaxNewSize                               = 2541748224                                {product} {ergonomic}
   size_t MinHeapDeltaBytes                        = 2097152                                   {product} {ergonomic}
   size_t MinHeapSize                              = 8388608                                   {product} {ergonomic}
    uintx NonNMethodCodeHeapSize                   = 5839372                                {pd product} {ergonomic}
    uintx NonProfiledCodeHeapSize                  = 122909434                              {pd product} {ergonomic}
    uintx ProfiledCodeHeapSize                     = 122909434                              {pd product} {ergonomic}
    uintx ReservedCodeCacheSize                    = 251658240                              {pd product} {ergonomic}
     bool SegmentedCodeCache                       = true                                      {product} {ergonomic}
   size_t SoftMaxHeapSize                          = 4236247040                             {manageable} {ergonomic}
     bool UseCompressedOops                        = true                           {product lp64_product} {ergonomic}
     bool UseG1GC                                  = true                                      {product} {ergonomic}
     bool UseLargePagesIndividualAllocation        = false                                  {pd product} {ergonomic}

Logging:
Log output configuration:
 #0: stdout all=warning uptime,level,tags foldmultilines=false
 #1: stderr all=off uptime,level,tags foldmultilines=false

Environment Variables:
PATH=C:\windows\system32;C:\windows;C:\windows\System32\Wbem;C:\windows\System32\WindowsPowerShell\v1.0\;C:\windows\System32\OpenSSH\;C:\Users\BDA022\AppData\Local\Microsoft\WindowsApps;C:\Users\BDA022\AppData\Local\Programs\Git\cmd
USERNAME=BDA022
OS=Windows_NT
PROCESSOR_IDENTIFIER=Intel64 Family 6 Model 158 Stepping 13, GenuineIntel
TMP=C:\Users\BDA022\AppData\Local\Temp
TEMP=C:\Users\BDA022\AppData\Local\Temp




Periodic native trim disabled

---------------  S Y S T E M  ---------------

OS:
 Windows 10 , 64 bit Build 19041 (10.0.19041.5198)
OS uptime: 0 days 22:49 hours

CPU: total 8 (initial active 8) (8 cores per cpu, 1 threads per core) family 6 model 158 stepping 13 microcode 0x100, cx8, cmov, fxsr, mmx, 3dnowpref, sse, sse2, sse3, ssse3, sse4.1, sse4.2, popcnt, lzcnt, tsc, tscinvbit, avx, avx2, aes, erms, clmul, bmi1, bmi2, adx, fma, vzeroupper, clflush, clflushopt, rdtscp, f16c
Processor Information for all 8 processors :
  Max Mhz: 3000, Current Mhz: 3000, Mhz Limit: 3000

Memory: 4k page, system-wide physical 16158M (6139M free)
TotalPageFile size 33566M (AvailPageFile size 20209M)
current process WorkingSet (physical memory assigned to process): 1173M, peak: 1173M
current process commit charge ("private bytes"): 2233M, peak: 2233M

vm_info: OpenJDK 64-Bit Server VM (22.0.2+9-70) for windows-amd64 JRE (22.0.2+9-70), built on 2024-06-04T16:52:23Z by "mach5one" with MS VC++ 17.6 (VS2022)

END.
